{"/home/travis/build/npmtest/node-npmtest-csscomb/test.js":{"path":"/home/travis/build/npmtest/node-npmtest-csscomb/test.js","s":{"1":2,"2":2,"3":2,"4":2,"5":2,"6":2,"7":2,"8":1,"9":2,"10":2,"11":1,"12":1,"13":1,"14":1,"15":2,"16":2,"17":2,"18":2,"19":1,"20":1,"21":2,"22":2,"23":2,"24":1,"25":1,"26":1,"27":1,"28":1,"29":1,"30":1,"31":1,"32":1,"33":1,"34":1,"35":1,"36":1,"37":1,"38":1,"39":2,"40":2,"41":1,"42":2,"43":2,"44":1,"45":2,"46":2,"47":1,"48":2,"49":2,"50":1,"51":1,"52":1,"53":1,"54":1},"b":{"1":[2,1,1,1],"2":[1,1,1,1],"3":[1,1],"4":[1,1],"5":[1,1],"6":[1,1],"7":[1,1],"8":[1,1],"9":[1,1],"10":[1,1,1],"11":[1,1],"12":[1,1],"13":[1,1],"14":[1,1],"15":[1,1],"16":[1,1],"17":[1,1]},"f":{"1":2,"2":2,"3":2,"4":2,"5":2,"6":1,"7":1,"8":1,"9":2,"10":2,"11":2,"12":2,"13":1},"fnMap":{"1":{"name":"(anonymous_1)","line":12,"loc":{"start":{"line":12,"column":1},"end":{"line":12,"column":13}}},"2":{"name":"(anonymous_2)","line":19,"loc":{"start":{"line":19,"column":5},"end":{"line":19,"column":17}}},"3":{"name":"(anonymous_3)","line":23,"loc":{"start":{"line":23,"column":24},"end":{"line":23,"column":36}}},"4":{"name":"(anonymous_4)","line":61,"loc":{"start":{"line":61,"column":5},"end":{"line":61,"column":17}}},"5":{"name":"(anonymous_5)","line":82,"loc":{"start":{"line":82,"column":5},"end":{"line":82,"column":17}}},"6":{"name":"(anonymous_6)","line":91,"loc":{"start":{"line":91,"column":77},"end":{"line":94,"column":10}}},"7":{"name":"(anonymous_7)","line":112,"loc":{"start":{"line":112,"column":83},"end":{"line":115,"column":10}},"skip":true},"8":{"name":"(anonymous_8)","line":123,"loc":{"start":{"line":123,"column":77},"end":{"line":126,"column":10}},"skip":true},"9":{"name":"(anonymous_9)","line":139,"loc":{"start":{"line":139,"column":12},"end":{"line":139,"column":40}},"skip":true},"10":{"name":"(anonymous_10)","line":147,"loc":{"start":{"line":147,"column":77},"end":{"line":150,"column":10}},"skip":true},"11":{"name":"(anonymous_11)","line":158,"loc":{"start":{"line":158,"column":83},"end":{"line":161,"column":10}},"skip":true},"12":{"name":"(anonymous_12)","line":169,"loc":{"start":{"line":169,"column":79},"end":{"line":172,"column":10}},"skip":true},"13":{"name":"(anonymous_13)","line":180,"loc":{"start":{"line":180,"column":75},"end":{"line":183,"column":10}},"skip":true}},"statementMap":{"1":{"start":{"line":12,"column":0},"end":{"line":195,"column":5}},"2":{"start":{"line":14,"column":4},"end":{"line":14,"column":14}},"3":{"start":{"line":19,"column":4},"end":{"line":56,"column":9}},"4":{"start":{"line":21,"column":8},"end":{"line":21,"column":19}},"5":{"start":{"line":23,"column":8},"end":{"line":35,"column":13}},"6":{"start":{"line":24,"column":12},"end":{"line":34,"column":13}},"7":{"start":{"line":25,"column":16},"end":{"line":28,"column":30}},"8":{"start":{"line":30,"column":16},"end":{"line":33,"column":27}},"9":{"start":{"line":37,"column":8},"end":{"line":39,"column":21}},"10":{"start":{"line":40,"column":8},"end":{"line":53,"column":9}},"11":{"start":{"line":43,"column":12},"end":{"line":46,"column":14}},"12":{"start":{"line":47,"column":12},"end":{"line":47,"column":18}},"13":{"start":{"line":50,"column":12},"end":{"line":51,"column":46}},"14":{"start":{"line":52,"column":12},"end":{"line":52,"column":18}},"15":{"start":{"line":55,"column":8},"end":{"line":55,"column":35}},"16":{"start":{"line":61,"column":4},"end":{"line":63,"column":9}},"17":{"start":{"line":62,"column":8},"end":{"line":62,"column":15}},"18":{"start":{"line":64,"column":4},"end":{"line":77,"column":5}},"19":{"start":{"line":70,"column":8},"end":{"line":70,"column":14}},"20":{"start":{"line":76,"column":8},"end":{"line":76,"column":14}},"21":{"start":{"line":82,"column":4},"end":{"line":84,"column":9}},"22":{"start":{"line":83,"column":8},"end":{"line":83,"column":15}},"23":{"start":{"line":85,"column":4},"end":{"line":194,"column":5}},"24":{"start":{"line":91,"column":8},"end":{"line":99,"column":10}},"25":{"start":{"line":98,"column":12},"end":{"line":98,"column":35}},"26":{"start":{"line":102,"column":8},"end":{"line":104,"column":63}},"27":{"start":{"line":105,"column":8},"end":{"line":105,"column":14}},"28":{"start":{"line":112,"column":8},"end":{"line":121,"column":10},"skip":true},"29":{"start":{"line":119,"column":12},"end":{"line":119,"column":55},"skip":true},"30":{"start":{"line":120,"column":12},"end":{"line":120,"column":48},"skip":true},"31":{"start":{"line":123,"column":8},"end":{"line":136,"column":10},"skip":true},"32":{"start":{"line":130,"column":12},"end":{"line":130,"column":76},"skip":true},"33":{"start":{"line":131,"column":12},"end":{"line":131,"column":73},"skip":true},"34":{"start":{"line":132,"column":12},"end":{"line":132,"column":74},"skip":true},"35":{"start":{"line":133,"column":12},"end":{"line":133,"column":79},"skip":true},"36":{"start":{"line":134,"column":12},"end":{"line":134,"column":25},"skip":true},"37":{"start":{"line":135,"column":12},"end":{"line":135,"column":45},"skip":true},"38":{"start":{"line":138,"column":8},"end":{"line":145,"column":14},"skip":true},"39":{"start":{"line":143,"column":16},"end":{"line":143,"column":29},"skip":true},"40":{"start":{"line":144,"column":16},"end":{"line":144,"column":55},"skip":true},"41":{"start":{"line":147,"column":8},"end":{"line":156,"column":10},"skip":true},"42":{"start":{"line":154,"column":12},"end":{"line":154,"column":25},"skip":true},"43":{"start":{"line":155,"column":12},"end":{"line":155,"column":45},"skip":true},"44":{"start":{"line":158,"column":8},"end":{"line":167,"column":10},"skip":true},"45":{"start":{"line":165,"column":12},"end":{"line":165,"column":25},"skip":true},"46":{"start":{"line":166,"column":12},"end":{"line":166,"column":48},"skip":true},"47":{"start":{"line":169,"column":8},"end":{"line":178,"column":10},"skip":true},"48":{"start":{"line":176,"column":12},"end":{"line":176,"column":25},"skip":true},"49":{"start":{"line":177,"column":12},"end":{"line":177,"column":46},"skip":true},"50":{"start":{"line":180,"column":8},"end":{"line":189,"column":10},"skip":true},"51":{"start":{"line":187,"column":12},"end":{"line":187,"column":94},"skip":true},"52":{"start":{"line":188,"column":12},"end":{"line":188,"column":48},"skip":true},"53":{"start":{"line":192,"column":8},"end":{"line":192,"column":35},"skip":true},"54":{"start":{"line":193,"column":8},"end":{"line":193,"column":14},"skip":true}},"branchMap":{"1":{"line":25,"type":"binary-expr","locations":[{"start":{"line":25,"column":23},"end":{"line":25,"column":62}},{"start":{"line":26,"column":20},"end":{"line":26,"column":70}},{"start":{"line":27,"column":20},"end":{"line":27,"column":71}},{"start":{"line":28,"column":20},"end":{"line":28,"column":29}}]},"2":{"line":30,"type":"binary-expr","locations":[{"start":{"line":30,"column":23},"end":{"line":30,"column":37}},{"start":{"line":31,"column":20},"end":{"line":31,"column":61}},{"start":{"line":32,"column":20},"end":{"line":32,"column":70}},{"start":{"line":33,"column":20},"end":{"line":33,"column":26}}]},"3":{"line":37,"type":"cond-expr","locations":[{"start":{"line":38,"column":14},"end":{"line":38,"column":20}},{"start":{"line":39,"column":14},"end":{"line":39,"column":20}}]},"4":{"line":40,"type":"switch","locations":[{"start":{"line":42,"column":8},"end":{"line":47,"column":18}},{"start":{"line":49,"column":8},"end":{"line":52,"column":18}}]},"5":{"line":44,"type":"binary-expr","locations":[{"start":{"line":44,"column":16},"end":{"line":44,"column":44}},{"start":{"line":44,"column":48},"end":{"line":44,"column":66}}]},"6":{"line":50,"type":"binary-expr","locations":[{"start":{"line":50,"column":21},"end":{"line":50,"column":49}},{"start":{"line":50,"column":53},"end":{"line":50,"column":72}}]},"7":{"line":64,"type":"switch","locations":[{"start":{"line":69,"column":4},"end":{"line":70,"column":14}},{"start":{"line":75,"column":4},"end":{"line":76,"column":14}}]},"8":{"line":85,"type":"switch","locations":[{"start":{"line":90,"column":4},"end":{"line":105,"column":14}},{"start":{"line":111,"column":4},"end":{"line":193,"column":14},"skip":true}]},"9":{"line":91,"type":"binary-expr","locations":[{"start":{"line":91,"column":42},"end":{"line":91,"column":73}},{"start":{"line":91,"column":77},"end":{"line":99,"column":9}}]},"10":{"line":102,"type":"binary-expr","locations":[{"start":{"line":102,"column":18},"end":{"line":102,"column":32}},{"start":{"line":103,"column":12},"end":{"line":103,"column":53}},{"start":{"line":104,"column":12},"end":{"line":104,"column":61}}]},"11":{"line":112,"type":"binary-expr","locations":[{"start":{"line":112,"column":45},"end":{"line":112,"column":79},"skip":true},{"start":{"line":112,"column":83},"end":{"line":121,"column":9},"skip":true}]},"12":{"line":123,"type":"binary-expr","locations":[{"start":{"line":123,"column":42},"end":{"line":123,"column":73},"skip":true},{"start":{"line":123,"column":77},"end":{"line":136,"column":9},"skip":true}]},"13":{"line":138,"type":"binary-expr","locations":[{"start":{"line":138,"column":48},"end":{"line":138,"column":85},"skip":true},{"start":{"line":139,"column":12},"end":{"line":145,"column":13},"skip":true}]},"14":{"line":147,"type":"binary-expr","locations":[{"start":{"line":147,"column":42},"end":{"line":147,"column":73},"skip":true},{"start":{"line":147,"column":77},"end":{"line":156,"column":9},"skip":true}]},"15":{"line":158,"type":"binary-expr","locations":[{"start":{"line":158,"column":45},"end":{"line":158,"column":79},"skip":true},{"start":{"line":158,"column":83},"end":{"line":167,"column":9},"skip":true}]},"16":{"line":169,"type":"binary-expr","locations":[{"start":{"line":169,"column":43},"end":{"line":169,"column":75},"skip":true},{"start":{"line":169,"column":79},"end":{"line":178,"column":9},"skip":true}]},"17":{"line":180,"type":"binary-expr","locations":[{"start":{"line":180,"column":41},"end":{"line":180,"column":71},"skip":true},{"start":{"line":180,"column":75},"end":{"line":189,"column":9},"skip":true}]}},"code":["/* istanbul instrument in package npmtest_csscomb */","/*jslint","    bitwise: true,","    browser: true,","    maxerr: 8,","    maxlen: 96,","    node: true,","    nomen: true,","    regexp: true,","    stupid: true","*/","(function () {","    'use strict';","    var local;","","","","    // run shared js-env code - pre-init","    (function () {","        // init local","        local = {};","        // init modeJs","        local.modeJs = (function () {","            try {","                return typeof navigator.userAgent === 'string' &&","                    typeof document.querySelector('body') === 'object' &&","                    typeof XMLHttpRequest.prototype.open === 'function' &&","                    'browser';","            } catch (errorCaughtBrowser) {","                return module.exports &&","                    typeof process.versions.node === 'string' &&","                    typeof require('http').createServer === 'function' &&","                    'node';","            }","        }());","        // init global","        local.global = local.modeJs === 'browser'","            ? window","            : global;","        switch (local.modeJs) {","        // re-init local from window.local","        case 'browser':","            local = local.global.utility2.objectSetDefault(","                local.global.utility2_rollup || local.global.local,","                local.global.utility2","            );","            break;","        // re-init local from example.js","        case 'node':","            local = (local.global.utility2_rollup || require('utility2'))","                .requireExampleJsFromReadme();","            break;","        }","        // export local","        local.global.local = local;","    }());","","","","    // run shared js-env code - function","    (function () {","        return;","    }());","    switch (local.modeJs) {","","","","    // run browser js-env code - function","    case 'browser':","        break;","","","","    // run node js-env code - function","    case 'node':","        break;","    }","","","","    // run shared js-env code - post-init","    (function () {","        return;","    }());","    switch (local.modeJs) {","","","","    // run browser js-env code - post-init","    case 'browser':","        local.testCase_browser_nullCase = local.testCase_browser_nullCase || function (","            options,","            onError","        ) {","        /*","         * this function will test browsers's null-case handling-behavior-behavior","         */","            onError(null, options);","        };","","        // run tests","        local.nop(local.modeTest &&","            document.querySelector('#testRunButton1') &&","            document.querySelector('#testRunButton1').click());","        break;","","","","    // run node js-env code - post-init","    /* istanbul ignore next */","    case 'node':","        local.testCase_buildApidoc_default = local.testCase_buildApidoc_default || function (","            options,","            onError","        ) {","        /*","         * this function will test buildApidoc's default handling-behavior-behavior","         */","            options = { modulePathList: module.paths };","            local.buildApidoc(options, onError);","        };","","        local.testCase_buildApp_default = local.testCase_buildApp_default || function (","            options,","            onError","        ) {","        /*","         * this function will test buildApp's default handling-behavior-behavior","         */","            local.testCase_buildReadme_default(options, local.onErrorThrow);","            local.testCase_buildLib_default(options, local.onErrorThrow);","            local.testCase_buildTest_default(options, local.onErrorThrow);","            local.testCase_buildCustomOrg_default(options, local.onErrorThrow);","            options = [];","            local.buildApp(options, onError);","        };","","        local.testCase_buildCustomOrg_default = local.testCase_buildCustomOrg_default ||","            function (options, onError) {","            /*","             * this function will test buildCustomOrg's default handling-behavior","             */","                options = {};","                local.buildCustomOrg(options, onError);","            };","","        local.testCase_buildLib_default = local.testCase_buildLib_default || function (","            options,","            onError","        ) {","        /*","         * this function will test buildLib's default handling-behavior","         */","            options = {};","            local.buildLib(options, onError);","        };","","        local.testCase_buildReadme_default = local.testCase_buildReadme_default || function (","            options,","            onError","        ) {","        /*","         * this function will test buildReadme's default handling-behavior-behavior","         */","            options = {};","            local.buildReadme(options, onError);","        };","","        local.testCase_buildTest_default = local.testCase_buildTest_default || function (","            options,","            onError","        ) {","        /*","         * this function will test buildTest's default handling-behavior","         */","            options = {};","            local.buildTest(options, onError);","        };","","        local.testCase_webpage_default = local.testCase_webpage_default || function (","            options,","            onError","        ) {","        /*","         * this function will test webpage's default handling-behavior","         */","            options = { modeCoverageMerge: true, url: local.serverLocalHost + '?modeTest=1' };","            local.browserTest(options, onError);","        };","","        // run test-server","        local.testRunServer(local);","        break;","    }","}());",""],"l":{"12":2,"14":2,"19":2,"21":2,"23":2,"24":2,"25":2,"30":1,"37":2,"40":2,"43":1,"47":1,"50":1,"52":1,"55":2,"61":2,"62":2,"64":2,"70":1,"76":1,"82":2,"83":2,"85":2,"91":1,"98":1,"102":1,"105":1,"112":1,"119":1,"120":1,"123":1,"130":1,"131":1,"132":1,"133":1,"134":1,"135":1,"138":1,"143":2,"144":2,"147":1,"154":2,"155":2,"158":1,"165":2,"166":2,"169":1,"176":2,"177":2,"180":1,"187":1,"188":1,"192":1,"193":1}},"/home/travis/build/npmtest/node-npmtest-csscomb/lib.npmtest_csscomb.js":{"path":"/home/travis/build/npmtest/node-npmtest-csscomb/lib.npmtest_csscomb.js","s":{"1":2,"2":2,"3":2,"4":2,"5":2,"6":2,"7":2,"8":1,"9":2,"10":2,"11":2,"12":2,"13":1,"14":1,"15":1,"16":1},"b":{"1":[2,1,1,1],"2":[1,1,1,1],"3":[1,1],"4":[2,2],"5":[1,1]},"f":{"1":2,"2":2,"3":2},"fnMap":{"1":{"name":"(anonymous_1)","line":12,"loc":{"start":{"line":12,"column":1},"end":{"line":12,"column":13}}},"2":{"name":"(anonymous_2)","line":19,"loc":{"start":{"line":19,"column":5},"end":{"line":19,"column":17}}},"3":{"name":"(anonymous_3)","line":23,"loc":{"start":{"line":23,"column":24},"end":{"line":23,"column":36}}}},"statementMap":{"1":{"start":{"line":12,"column":0},"end":{"line":53,"column":5}},"2":{"start":{"line":14,"column":4},"end":{"line":14,"column":14}},"3":{"start":{"line":19,"column":4},"end":{"line":52,"column":9}},"4":{"start":{"line":21,"column":8},"end":{"line":21,"column":19}},"5":{"start":{"line":23,"column":8},"end":{"line":35,"column":13}},"6":{"start":{"line":24,"column":12},"end":{"line":34,"column":13}},"7":{"start":{"line":25,"column":16},"end":{"line":28,"column":30}},"8":{"start":{"line":30,"column":16},"end":{"line":33,"column":27}},"9":{"start":{"line":37,"column":8},"end":{"line":39,"column":21}},"10":{"start":{"line":41,"column":8},"end":{"line":41,"column":54}},"11":{"start":{"line":43,"column":8},"end":{"line":43,"column":52}},"12":{"start":{"line":45,"column":8},"end":{"line":51,"column":9}},"13":{"start":{"line":46,"column":12},"end":{"line":46,"column":58}},"14":{"start":{"line":48,"column":12},"end":{"line":48,"column":35}},"15":{"start":{"line":49,"column":12},"end":{"line":49,"column":49}},"16":{"start":{"line":50,"column":12},"end":{"line":50,"column":43}}},"branchMap":{"1":{"line":25,"type":"binary-expr","locations":[{"start":{"line":25,"column":23},"end":{"line":25,"column":62}},{"start":{"line":26,"column":20},"end":{"line":26,"column":70}},{"start":{"line":27,"column":20},"end":{"line":27,"column":71}},{"start":{"line":28,"column":20},"end":{"line":28,"column":29}}]},"2":{"line":30,"type":"binary-expr","locations":[{"start":{"line":30,"column":23},"end":{"line":30,"column":37}},{"start":{"line":31,"column":20},"end":{"line":31,"column":61}},{"start":{"line":32,"column":20},"end":{"line":32,"column":70}},{"start":{"line":33,"column":20},"end":{"line":33,"column":26}}]},"3":{"line":37,"type":"cond-expr","locations":[{"start":{"line":38,"column":14},"end":{"line":38,"column":20}},{"start":{"line":39,"column":14},"end":{"line":39,"column":20}}]},"4":{"line":41,"type":"binary-expr","locations":[{"start":{"line":41,"column":16},"end":{"line":41,"column":44}},{"start":{"line":41,"column":48},"end":{"line":41,"column":53}}]},"5":{"line":45,"type":"if","locations":[{"start":{"line":45,"column":8},"end":{"line":45,"column":8}},{"start":{"line":45,"column":8},"end":{"line":45,"column":8}}]}},"code":["/* istanbul instrument in package npmtest_csscomb */","/*jslint","    bitwise: true,","    browser: true,","    maxerr: 8,","    maxlen: 96,","    node: true,","    nomen: true,","    regexp: true,","    stupid: true","*/","(function () {","    'use strict';","    var local;","","","","    // run shared js-env code - pre-init","    (function () {","        // init local","        local = {};","        // init modeJs","        local.modeJs = (function () {","            try {","                return typeof navigator.userAgent === 'string' &&","                    typeof document.querySelector('body') === 'object' &&","                    typeof XMLHttpRequest.prototype.open === 'function' &&","                    'browser';","            } catch (errorCaughtBrowser) {","                return module.exports &&","                    typeof process.versions.node === 'string' &&","                    typeof require('http').createServer === 'function' &&","                    'node';","            }","        }());","        // init global","        local.global = local.modeJs === 'browser'","            ? window","            : global;","        // init utility2_rollup","        local = local.global.utility2_rollup || local;","        // init lib","        local.local = local.npmtest_csscomb = local;","        // init exports","        if (local.modeJs === 'browser') {","            local.global.utility2_npmtest_csscomb = local;","        } else {","            module.exports = local;","            module.exports.__dirname = __dirname;","            module.exports.module = module;","        }","    }());","}());",""],"l":{"12":2,"14":2,"19":2,"21":2,"23":2,"24":2,"25":2,"30":1,"37":2,"41":2,"43":2,"45":2,"46":1,"48":1,"49":1,"50":1}},"/home/travis/build/npmtest/node-npmtest-csscomb/example.js":{"path":"/home/travis/build/npmtest/node-npmtest-csscomb/example.js","s":{"1":2,"2":2,"3":2,"4":2,"5":2,"6":2,"7":2,"8":1,"9":2,"10":2,"11":2,"12":2,"13":1,"14":2,"15":2,"16":2,"17":2,"18":2,"19":0,"20":2,"21":1,"22":1,"23":1,"24":1,"25":1,"26":0,"27":0,"28":1,"29":1,"30":2,"31":0,"32":0,"33":0,"34":1,"35":2,"36":2,"37":3,"38":3,"39":3,"40":3,"41":0,"42":3,"43":3,"44":3,"45":1,"46":3,"47":1,"48":1,"49":1,"50":1,"51":1,"52":1,"53":1,"54":1,"55":1,"56":1,"57":0,"58":1,"59":6,"60":6,"61":1,"62":2,"63":0,"64":2,"65":1,"66":1,"67":0,"68":0,"69":0,"70":0,"71":0,"72":0,"73":0,"74":0,"75":0,"76":0,"77":0,"78":0,"79":0,"80":0,"81":0,"82":0,"83":0},"b":{"1":[2,1,1,1],"2":[1,1,1,1],"3":[1,1],"4":[2,2],"5":[1,1],"6":[1,1],"7":[2,0],"8":[2,1,1,1,1,1],"9":[0,2,0],"10":[1,1],"11":[2,1,1],"12":[1,0],"13":[0,2],"14":[2,0,0,0,0,0,0],"15":[0,3],"16":[3,0],"17":[1,1],"18":[0,1],"19":[1,2,0,2],"20":[1,0],"21":[1,1],"22":[0,0],"23":[0,0],"24":[0,0],"25":[0,0],"26":[0,0],"27":[0,0],"28":[0,0]},"f":{"1":2,"2":2,"3":2,"4":2,"5":2,"6":2,"7":3,"8":3,"9":3,"10":1,"11":6,"12":0},"fnMap":{"1":{"name":"(anonymous_1)","line":26,"loc":{"start":{"line":26,"column":1},"end":{"line":26,"column":13}}},"2":{"name":"(anonymous_2)","line":33,"loc":{"start":{"line":33,"column":5},"end":{"line":33,"column":17}}},"3":{"name":"(anonymous_3)","line":37,"loc":{"start":{"line":37,"column":24},"end":{"line":37,"column":36}}},"4":{"name":"(anonymous_4)","line":69,"loc":{"start":{"line":69,"column":31},"end":{"line":69,"column":48}},"skip":true},"5":{"name":"(anonymous_5)","line":78,"loc":{"start":{"line":78,"column":26},"end":{"line":78,"column":45}},"skip":true},"6":{"name":"(anonymous_6)","line":123,"loc":{"start":{"line":123,"column":33},"end":{"line":123,"column":48}},"skip":true},"7":{"name":"(anonymous_7)","line":125,"loc":{"start":{"line":125,"column":27},"end":{"line":125,"column":39}},"skip":true},"8":{"name":"(anonymous_8)","line":133,"loc":{"start":{"line":133,"column":59},"end":{"line":133,"column":74}},"skip":true},"9":{"name":"(anonymous_9)","line":143,"loc":{"start":{"line":143,"column":45},"end":{"line":143,"column":62}},"skip":true},"10":{"name":"(anonymous_10)","line":144,"loc":{"start":{"line":144,"column":73},"end":{"line":144,"column":92}},"skip":true},"11":{"name":"(anonymous_11)","line":272,"loc":{"start":{"line":272,"column":51},"end":{"line":272,"column":77}},"skip":true},"12":{"name":"(anonymous_12)","line":315,"loc":{"start":{"line":315,"column":32},"end":{"line":315,"column":61}},"skip":true}},"statementMap":{"1":{"start":{"line":26,"column":0},"end":{"line":326,"column":5}},"2":{"start":{"line":28,"column":4},"end":{"line":28,"column":14}},"3":{"start":{"line":33,"column":4},"end":{"line":60,"column":9}},"4":{"start":{"line":35,"column":8},"end":{"line":35,"column":19}},"5":{"start":{"line":37,"column":8},"end":{"line":49,"column":13}},"6":{"start":{"line":38,"column":12},"end":{"line":48,"column":13}},"7":{"start":{"line":39,"column":16},"end":{"line":42,"column":30}},"8":{"start":{"line":44,"column":16},"end":{"line":47,"column":27}},"9":{"start":{"line":51,"column":8},"end":{"line":53,"column":21}},"10":{"start":{"line":55,"column":8},"end":{"line":57,"column":45}},"11":{"start":{"line":59,"column":8},"end":{"line":59,"column":35}},"12":{"start":{"line":61,"column":4},"end":{"line":325,"column":5}},"13":{"start":{"line":69,"column":8},"end":{"line":121,"column":10},"skip":true},"14":{"start":{"line":70,"column":12},"end":{"line":88,"column":13},"skip":true},"15":{"start":{"line":76,"column":16},"end":{"line":87,"column":19},"skip":true},"16":{"start":{"line":79,"column":20},"end":{"line":86,"column":21},"skip":true},"17":{"start":{"line":82,"column":24},"end":{"line":82,"column":43},"skip":true},"18":{"start":{"line":83,"column":24},"end":{"line":83,"column":30},"skip":true},"19":{"start":{"line":85,"column":24},"end":{"line":85,"column":49},"skip":true},"20":{"start":{"line":89,"column":12},"end":{"line":107,"column":13},"skip":true},"21":{"start":{"line":92,"column":16},"end":{"line":102,"column":17},"skip":true},"22":{"start":{"line":93,"column":20},"end":{"line":93,"column":86},"skip":true},"23":{"start":{"line":94,"column":20},"end":{"line":95,"column":45},"skip":true},"24":{"start":{"line":96,"column":20},"end":{"line":96,"column":42},"skip":true},"25":{"start":{"line":97,"column":20},"end":{"line":97,"column":48},"skip":true},"26":{"start":{"line":100,"column":20},"end":{"line":100,"column":85},"skip":true},"27":{"start":{"line":101,"column":20},"end":{"line":101,"column":96},"skip":true},"28":{"start":{"line":103,"column":16},"end":{"line":103,"column":22},"skip":true},"29":{"start":{"line":106,"column":16},"end":{"line":106,"column":22},"skip":true},"30":{"start":{"line":108,"column":12},"end":{"line":120,"column":13},"skip":true},"31":{"start":{"line":114,"column":16},"end":{"line":119,"column":17},"skip":true},"32":{"start":{"line":116,"column":20},"end":{"line":116,"column":78},"skip":true},"33":{"start":{"line":118,"column":20},"end":{"line":118,"column":47},"skip":true},"34":{"start":{"line":123,"column":8},"end":{"line":141,"column":11},"skip":true},"35":{"start":{"line":124,"column":12},"end":{"line":124,"column":54},"skip":true},"36":{"start":{"line":125,"column":12},"end":{"line":140,"column":14},"skip":true},"37":{"start":{"line":126,"column":16},"end":{"line":126,"column":28},"skip":true},"38":{"start":{"line":127,"column":16},"end":{"line":127,"column":69},"skip":true},"39":{"start":{"line":128,"column":16},"end":{"line":128,"column":75},"skip":true},"40":{"start":{"line":129,"column":16},"end":{"line":131,"column":17},"skip":true},"41":{"start":{"line":130,"column":20},"end":{"line":130,"column":27},"skip":true},"42":{"start":{"line":133,"column":16},"end":{"line":137,"column":36},"skip":true},"43":{"start":{"line":134,"column":20},"end":{"line":136,"column":55},"skip":true},"44":{"start":{"line":139,"column":16},"end":{"line":139,"column":57},"skip":true},"45":{"start":{"line":143,"column":8},"end":{"line":147,"column":11},"skip":true},"46":{"start":{"line":144,"column":12},"end":{"line":146,"column":15},"skip":true},"47":{"start":{"line":145,"column":16},"end":{"line":145,"column":70},"skip":true},"48":{"start":{"line":149,"column":8},"end":{"line":149,"column":31},"skip":true},"49":{"start":{"line":150,"column":8},"end":{"line":150,"column":14},"skip":true},"50":{"start":{"line":158,"column":8},"end":{"line":158,"column":31},"skip":true},"51":{"start":{"line":160,"column":8},"end":{"line":160,"column":33},"skip":true},"52":{"start":{"line":161,"column":8},"end":{"line":161,"column":37},"skip":true},"53":{"start":{"line":162,"column":8},"end":{"line":162,"column":35},"skip":true},"54":{"start":{"line":164,"column":8},"end":{"line":164,"column":50},"skip":true},"55":{"start":{"line":166,"column":8},"end":{"line":256,"column":2},"skip":true},"56":{"start":{"line":258,"column":8},"end":{"line":286,"column":9},"skip":true},"57":{"start":{"line":259,"column":12},"end":{"line":269,"column":14},"skip":true},"58":{"start":{"line":271,"column":12},"end":{"line":285,"column":19},"skip":true},"59":{"start":{"line":274,"column":20},"end":{"line":274,"column":35},"skip":true},"60":{"start":{"line":275,"column":20},"end":{"line":284,"column":21},"skip":true},"61":{"start":{"line":277,"column":24},"end":{"line":277,"column":64},"skip":true},"62":{"start":{"line":279,"column":24},"end":{"line":279,"column":40},"skip":true},"63":{"start":{"line":281,"column":24},"end":{"line":281,"column":40},"skip":true},"64":{"start":{"line":283,"column":24},"end":{"line":283,"column":39},"skip":true},"65":{"start":{"line":288,"column":8},"end":{"line":290,"column":9},"skip":true},"66":{"start":{"line":289,"column":12},"end":{"line":289,"column":18},"skip":true},"67":{"start":{"line":291,"column":8},"end":{"line":293,"column":54},"skip":true},"68":{"start":{"line":296,"column":8},"end":{"line":301,"column":37},"skip":true},"69":{"start":{"line":303,"column":8},"end":{"line":303,"column":82},"skip":true},"70":{"start":{"line":306,"column":8},"end":{"line":308,"column":9},"skip":true},"71":{"start":{"line":307,"column":12},"end":{"line":307,"column":82},"skip":true},"72":{"start":{"line":310,"column":8},"end":{"line":312,"column":9},"skip":true},"73":{"start":{"line":311,"column":12},"end":{"line":311,"column":18},"skip":true},"74":{"start":{"line":313,"column":8},"end":{"line":313,"column":54},"skip":true},"75":{"start":{"line":314,"column":8},"end":{"line":314,"column":69},"skip":true},"76":{"start":{"line":315,"column":8},"end":{"line":323,"column":36},"skip":true},"77":{"start":{"line":316,"column":12},"end":{"line":316,"column":61},"skip":true},"78":{"start":{"line":317,"column":12},"end":{"line":320,"column":13},"skip":true},"79":{"start":{"line":318,"column":16},"end":{"line":318,"column":75},"skip":true},"80":{"start":{"line":319,"column":16},"end":{"line":319,"column":23},"skip":true},"81":{"start":{"line":321,"column":12},"end":{"line":321,"column":38},"skip":true},"82":{"start":{"line":322,"column":12},"end":{"line":322,"column":27},"skip":true},"83":{"start":{"line":324,"column":8},"end":{"line":324,"column":14},"skip":true}},"branchMap":{"1":{"line":39,"type":"binary-expr","locations":[{"start":{"line":39,"column":23},"end":{"line":39,"column":62}},{"start":{"line":40,"column":20},"end":{"line":40,"column":70}},{"start":{"line":41,"column":20},"end":{"line":41,"column":71}},{"start":{"line":42,"column":20},"end":{"line":42,"column":29}}]},"2":{"line":44,"type":"binary-expr","locations":[{"start":{"line":44,"column":23},"end":{"line":44,"column":37}},{"start":{"line":45,"column":20},"end":{"line":45,"column":61}},{"start":{"line":46,"column":20},"end":{"line":46,"column":70}},{"start":{"line":47,"column":20},"end":{"line":47,"column":26}}]},"3":{"line":51,"type":"cond-expr","locations":[{"start":{"line":52,"column":14},"end":{"line":52,"column":20}},{"start":{"line":53,"column":14},"end":{"line":53,"column":20}}]},"4":{"line":55,"type":"binary-expr","locations":[{"start":{"line":55,"column":16},"end":{"line":55,"column":44}},{"start":{"line":55,"column":49},"end":{"line":57,"column":43}}]},"5":{"line":55,"type":"cond-expr","locations":[{"start":{"line":56,"column":14},"end":{"line":56,"column":51}},{"start":{"line":57,"column":14},"end":{"line":57,"column":43}}]},"6":{"line":61,"type":"switch","locations":[{"start":{"line":68,"column":4},"end":{"line":150,"column":14},"skip":true},{"start":{"line":156,"column":4},"end":{"line":324,"column":14},"skip":true}]},"7":{"line":70,"type":"if","locations":[{"start":{"line":70,"column":12},"end":{"line":70,"column":12},"skip":true},{"start":{"line":70,"column":12},"end":{"line":70,"column":12},"skip":true}]},"8":{"line":70,"type":"binary-expr","locations":[{"start":{"line":70,"column":16},"end":{"line":70,"column":22},"skip":true},{"start":{"line":70,"column":27},"end":{"line":70,"column":32},"skip":true},{"start":{"line":71,"column":20},"end":{"line":71,"column":39},"skip":true},{"start":{"line":72,"column":20},"end":{"line":72,"column":49},"skip":true},{"start":{"line":73,"column":20},"end":{"line":73,"column":58},"skip":true},{"start":{"line":74,"column":20},"end":{"line":74,"column":69},"skip":true}]},"9":{"line":79,"type":"switch","locations":[{"start":{"line":80,"column":20},"end":{"line":80,"column":33},"skip":true},{"start":{"line":81,"column":20},"end":{"line":83,"column":30},"skip":true},{"start":{"line":84,"column":20},"end":{"line":85,"column":49},"skip":true}]},"10":{"line":89,"type":"switch","locations":[{"start":{"line":90,"column":12},"end":{"line":103,"column":22},"skip":true},{"start":{"line":105,"column":12},"end":{"line":106,"column":22},"skip":true}]},"11":{"line":89,"type":"binary-expr","locations":[{"start":{"line":89,"column":20},"end":{"line":89,"column":25},"skip":true},{"start":{"line":89,"column":29},"end":{"line":89,"column":48},"skip":true},{"start":{"line":89,"column":52},"end":{"line":89,"column":74},"skip":true}]},"12":{"line":92,"type":"if","locations":[{"start":{"line":92,"column":16},"end":{"line":92,"column":16},"skip":true},{"start":{"line":92,"column":16},"end":{"line":92,"column":16},"skip":true}]},"13":{"line":108,"type":"if","locations":[{"start":{"line":108,"column":12},"end":{"line":108,"column":12},"skip":true},{"start":{"line":108,"column":12},"end":{"line":108,"column":12},"skip":true}]},"14":{"line":108,"type":"binary-expr","locations":[{"start":{"line":108,"column":16},"end":{"line":108,"column":61},"skip":true},{"start":{"line":108,"column":66},"end":{"line":108,"column":72},"skip":true},{"start":{"line":108,"column":77},"end":{"line":108,"column":82},"skip":true},{"start":{"line":109,"column":20},"end":{"line":109,"column":39},"skip":true},{"start":{"line":110,"column":20},"end":{"line":110,"column":49},"skip":true},{"start":{"line":111,"column":20},"end":{"line":111,"column":58},"skip":true},{"start":{"line":112,"column":20},"end":{"line":112,"column":68},"skip":true}]},"15":{"line":129,"type":"if","locations":[{"start":{"line":129,"column":16},"end":{"line":129,"column":16},"skip":true},{"start":{"line":129,"column":16},"end":{"line":129,"column":16},"skip":true}]},"16":{"line":134,"type":"cond-expr","locations":[{"start":{"line":135,"column":26},"end":{"line":135,"column":29},"skip":true},{"start":{"line":136,"column":26},"end":{"line":136,"column":54},"skip":true}]},"17":{"line":164,"type":"binary-expr","locations":[{"start":{"line":164,"column":27},"end":{"line":164,"column":43},"skip":true},{"start":{"line":164,"column":47},"end":{"line":164,"column":49},"skip":true}]},"18":{"line":258,"type":"if","locations":[{"start":{"line":258,"column":8},"end":{"line":258,"column":8},"skip":true},{"start":{"line":258,"column":8},"end":{"line":258,"column":8},"skip":true}]},"19":{"line":275,"type":"switch","locations":[{"start":{"line":276,"column":20},"end":{"line":277,"column":64},"skip":true},{"start":{"line":278,"column":20},"end":{"line":279,"column":40},"skip":true},{"start":{"line":280,"column":20},"end":{"line":281,"column":40},"skip":true},{"start":{"line":282,"column":20},"end":{"line":283,"column":39},"skip":true}]},"20":{"line":288,"type":"if","locations":[{"start":{"line":288,"column":8},"end":{"line":288,"column":8},"skip":true},{"start":{"line":288,"column":8},"end":{"line":288,"column":8},"skip":true}]},"21":{"line":288,"type":"binary-expr","locations":[{"start":{"line":288,"column":12},"end":{"line":288,"column":40},"skip":true},{"start":{"line":288,"column":44},"end":{"line":288,"column":67},"skip":true}]},"22":{"line":292,"type":"binary-expr","locations":[{"start":{"line":292,"column":12},"end":{"line":292,"column":50},"skip":true},{"start":{"line":293,"column":12},"end":{"line":293,"column":53},"skip":true}]},"23":{"line":297,"type":"binary-expr","locations":[{"start":{"line":297,"column":12},"end":{"line":297,"column":65},"skip":true},{"start":{"line":298,"column":12},"end":{"line":301,"column":36},"skip":true}]},"24":{"line":303,"type":"binary-expr","locations":[{"start":{"line":303,"column":43},"end":{"line":303,"column":75},"skip":true},{"start":{"line":303,"column":79},"end":{"line":303,"column":81},"skip":true}]},"25":{"line":306,"type":"if","locations":[{"start":{"line":306,"column":8},"end":{"line":306,"column":8},"skip":true},{"start":{"line":306,"column":8},"end":{"line":306,"column":8},"skip":true}]},"26":{"line":310,"type":"if","locations":[{"start":{"line":310,"column":8},"end":{"line":310,"column":8},"skip":true},{"start":{"line":310,"column":8},"end":{"line":310,"column":8},"skip":true}]},"27":{"line":313,"type":"binary-expr","locations":[{"start":{"line":313,"column":27},"end":{"line":313,"column":43},"skip":true},{"start":{"line":313,"column":47},"end":{"line":313,"column":53},"skip":true}]},"28":{"line":317,"type":"if","locations":[{"start":{"line":317,"column":12},"end":{"line":317,"column":12},"skip":true},{"start":{"line":317,"column":12},"end":{"line":317,"column":12},"skip":true}]}},"code":["/*","example.js","","quickstart example","","instruction","    1. save this script as example.js","    2. run the shell command:","        $ npm install npmtest-csscomb && PORT=8081 node example.js","    3. play with the browser-demo on http://127.0.0.1:8081","*/","","","","/* istanbul instrument in package npmtest_csscomb */","/*jslint","    bitwise: true,","    browser: true,","    maxerr: 8,","    maxlen: 96,","    node: true,","    nomen: true,","    regexp: true,","    stupid: true","*/","(function () {","    'use strict';","    var local;","","","","    // run shared js-env code - pre-init","    (function () {","        // init local","        local = {};","        // init modeJs","        local.modeJs = (function () {","            try {","                return typeof navigator.userAgent === 'string' &&","                    typeof document.querySelector('body') === 'object' &&","                    typeof XMLHttpRequest.prototype.open === 'function' &&","                    'browser';","            } catch (errorCaughtBrowser) {","                return module.exports &&","                    typeof process.versions.node === 'string' &&","                    typeof require('http').createServer === 'function' &&","                    'node';","            }","        }());","        // init global","        local.global = local.modeJs === 'browser'","            ? window","            : global;","        // init utility2_rollup","        local = local.global.utility2_rollup || (local.modeJs === 'browser'","            ? local.global.utility2_npmtest_csscomb","            : global.utility2_moduleExports);","        // export local","        local.global.local = local;","    }());","    switch (local.modeJs) {","","","","    // post-init","    // run browser js-env code - post-init","    /* istanbul ignore next */","    case 'browser':","        local.testRunBrowser = function (event) {","            if (!event || (event &&","                    event.currentTarget &&","                    event.currentTarget.className &&","                    event.currentTarget.className.includes &&","                    event.currentTarget.className.includes('onreset'))) {","                // reset output","                Array.from(","                    document.querySelectorAll('body > .resettable')","                ).forEach(function (element) {","                    switch (element.tagName) {","                    case 'INPUT':","                    case 'TEXTAREA':","                        element.value = '';","                        break;","                    default:","                        element.textContent = '';","                    }","                });","            }","            switch (event && event.currentTarget && event.currentTarget.id) {","            case 'testRunButton1':","                // show tests","                if (document.querySelector('#testReportDiv1').style.display === 'none') {","                    document.querySelector('#testReportDiv1').style.display = 'block';","                    document.querySelector('#testRunButton1').textContent =","                        'hide internal test';","                    local.modeTest = true;","                    local.testRunDefault(local);","                // hide tests","                } else {","                    document.querySelector('#testReportDiv1').style.display = 'none';","                    document.querySelector('#testRunButton1').textContent = 'run internal test';","                }","                break;","            // custom-case","            default:","                break;","            }","            if (document.querySelector('#inputTextareaEval1') && (!event || (event &&","                    event.currentTarget &&","                    event.currentTarget.className &&","                    event.currentTarget.className.includes &&","                    event.currentTarget.className.includes('oneval')))) {","                // try to eval input-code","                try {","                    /*jslint evil: true*/","                    eval(document.querySelector('#inputTextareaEval1').value);","                } catch (errorCaught) {","                    console.error(errorCaught);","                }","            }","        };","        // log stderr and stdout to #outputTextareaStdout1","        ['error', 'log'].forEach(function (key) {","            console[key + '_original'] = console[key];","            console[key] = function () {","                var element;","                console[key + '_original'].apply(console, arguments);","                element = document.querySelector('#outputTextareaStdout1');","                if (!element) {","                    return;","                }","                // append text to #outputTextareaStdout1","                element.value += Array.from(arguments).map(function (arg) {","                    return typeof arg === 'string'","                        ? arg","                        : JSON.stringify(arg, null, 4);","                }).join(' ') + '\\n';","                // scroll textarea to bottom","                element.scrollTop = element.scrollHeight;","            };","        });","        // init event-handling","        ['change', 'click', 'keyup'].forEach(function (event) {","            Array.from(document.querySelectorAll('.on' + event)).forEach(function (element) {","                element.addEventListener(event, local.testRunBrowser);","            });","        });","        // run tests","        local.testRunBrowser();","        break;","","","","    // run node js-env code - post-init","    /* istanbul ignore next */","    case 'node':","        // export local","        module.exports = local;","        // require modules","        local.fs = require('fs');","        local.http = require('http');","        local.url = require('url');","        // init assets","        local.assetsDict = local.assetsDict || {};","        /* jslint-ignore-begin */","        local.assetsDict['/assets.index.template.html'] = '\\","<!doctype html>\\n\\","<html lang=\"en\">\\n\\","<head>\\n\\","<meta charset=\"UTF-8\">\\n\\","<meta name=\"viewport\" content=\"width=device-width, initial-scale=1\">\\n\\","<title>{{env.npm_package_name}} (v{{env.npm_package_version}})</title>\\n\\","<style>\\n\\","/*csslint\\n\\","    box-sizing: false,\\n\\","    universal-selector: false\\n\\","*/\\n\\","* {\\n\\","    box-sizing: border-box;\\n\\","}\\n\\","body {\\n\\","    background: #dde;\\n\\","    font-family: Arial, Helvetica, sans-serif;\\n\\","    margin: 2rem;\\n\\","}\\n\\","body > * {\\n\\","    margin-bottom: 1rem;\\n\\","}\\n\\",".utility2FooterDiv {\\n\\","    margin-top: 20px;\\n\\","    text-align: center;\\n\\","}\\n\\","</style>\\n\\","<style>\\n\\","/*csslint\\n\\","*/\\n\\","textarea {\\n\\","    font-family: monospace;\\n\\","    height: 10rem;\\n\\","    width: 100%;\\n\\","}\\n\\","textarea[readonly] {\\n\\","    background: #ddd;\\n\\","}\\n\\","</style>\\n\\","</head>\\n\\","<body>\\n\\","<!-- utility2-comment\\n\\","<div id=\"ajaxProgressDiv1\" style=\"background: #d00; height: 2px; left: 0; margin: 0; padding: 0; position: fixed; top: 0; transition: background 0.5s, width 1.5s; width: 25%;\"></div>\\n\\","utility2-comment -->\\n\\","<h1>\\n\\","<!-- utility2-comment\\n\\","    <a\\n\\","        {{#if env.npm_package_homepage}}\\n\\","        href=\"{{env.npm_package_homepage}}\"\\n\\","        {{/if env.npm_package_homepage}}\\n\\","        target=\"_blank\"\\n\\","    >\\n\\","utility2-comment -->\\n\\","        {{env.npm_package_name}} (v{{env.npm_package_version}})\\n\\","<!-- utility2-comment\\n\\","    </a>\\n\\","utility2-comment -->\\n\\","</h1>\\n\\","<h3>{{env.npm_package_description}}</h3>\\n\\","<!-- utility2-comment\\n\\","<h4><a download href=\"assets.app.js\">download standalone app</a></h4>\\n\\","<button class=\"onclick onreset\" id=\"testRunButton1\">run internal test</button><br>\\n\\","<div id=\"testReportDiv1\" style=\"display: none;\"></div>\\n\\","utility2-comment -->\\n\\","\\n\\","\\n\\","\\n\\","<label>stderr and stdout</label>\\n\\","<textarea class=\"resettable\" id=\"outputTextareaStdout1\" readonly></textarea>\\n\\","<!-- utility2-comment\\n\\","{{#if isRollup}}\\n\\","<script src=\"assets.app.js\"></script>\\n\\","{{#unless isRollup}}\\n\\","utility2-comment -->\\n\\","<script src=\"assets.utility2.rollup.js\"></script>\\n\\","<script src=\"jsonp.utility2._stateInit?callback=window.utility2._stateInit\"></script>\\n\\","<script src=\"assets.npmtest_csscomb.rollup.js\"></script>\\n\\","<script src=\"assets.example.js\"></script>\\n\\","<script src=\"assets.test.js\"></script>\\n\\","<!-- utility2-comment\\n\\","{{/if isRollup}}\\n\\","utility2-comment -->\\n\\","<div class=\"utility2FooterDiv\">\\n\\","    [ this app was created with\\n\\","    <a href=\"https://github.com/kaizhu256/node-utility2\" target=\"_blank\">utility2</a>\\n\\","    ]\\n\\","</div>\\n\\","</body>\\n\\","</html>\\n\\","';","        /* jslint-ignore-end */","        if (local.templateRender) {","            local.assetsDict['/'] = local.templateRender(","                local.assetsDict['/assets.index.template.html'],","                {","                    env: local.objectSetDefault(local.env, {","                        npm_package_description: 'the greatest app in the world!',","                        npm_package_name: 'my-app',","                        npm_package_nameAlias: 'my_app',","                        npm_package_version: '0.0.1'","                    })","                }","            );","        } else {","            local.assetsDict['/'] = local.assetsDict['/assets.index.template.html']","                .replace((/\\{\\{env\\.(\\w+?)\\}\\}/g), function (match0, match1) {","                    // jslint-hack","                    String(match0);","                    switch (match1) {","                    case 'npm_package_description':","                        return 'the greatest app in the world!';","                    case 'npm_package_name':","                        return 'my-app';","                    case 'npm_package_nameAlias':","                        return 'my_app';","                    case 'npm_package_version':","                        return '0.0.1';","                    }","                });","        }","        // run the cli","        if (local.global.utility2_rollup || module !== require.main) {","            break;","        }","        local.assetsDict['/assets.example.js'] =","            local.assetsDict['/assets.example.js'] ||","            local.fs.readFileSync(__filename, 'utf8');","        // bug-workaround - long $npm_package_buildCustomOrg","        /* jslint-ignore-begin */","        local.assetsDict['/assets.npmtest_csscomb.rollup.js'] =","            local.assetsDict['/assets.npmtest_csscomb.rollup.js'] ||","            local.fs.readFileSync(","                local.npmtest_csscomb.__dirname + '/lib.npmtest_csscomb.js',","                'utf8'","            ).replace((/^#!/), '//');","        /* jslint-ignore-end */","        local.assetsDict['/favicon.ico'] = local.assetsDict['/favicon.ico'] || '';","        // if $npm_config_timeout_exit exists,","        // then exit this process after $npm_config_timeout_exit ms","        if (Number(process.env.npm_config_timeout_exit)) {","            setTimeout(process.exit, Number(process.env.npm_config_timeout_exit));","        }","        // start server","        if (local.global.utility2_serverHttp1) {","            break;","        }","        process.env.PORT = process.env.PORT || '8081';","        console.error('server starting on port ' + process.env.PORT);","        local.http.createServer(function (request, response) {","            request.urlParsed = local.url.parse(request.url);","            if (local.assetsDict[request.urlParsed.pathname] !== undefined) {","                response.end(local.assetsDict[request.urlParsed.pathname]);","                return;","            }","            response.statusCode = 404;","            response.end();","        }).listen(process.env.PORT);","        break;","    }","}());",""],"l":{"26":2,"28":2,"33":2,"35":2,"37":2,"38":2,"39":2,"44":1,"51":2,"55":2,"59":2,"61":2,"69":1,"70":2,"76":2,"79":2,"82":2,"83":2,"85":1,"89":2,"92":1,"93":1,"94":1,"96":1,"97":1,"100":1,"101":1,"103":1,"106":1,"108":2,"114":1,"116":1,"118":1,"123":1,"124":2,"125":2,"126":3,"127":3,"128":3,"129":3,"130":1,"133":3,"134":3,"139":3,"143":1,"144":3,"145":1,"149":1,"150":1,"158":1,"160":1,"161":1,"162":1,"164":1,"166":1,"258":1,"259":1,"271":1,"274":6,"275":6,"277":1,"279":2,"281":1,"283":2,"288":1,"289":1,"291":1,"296":1,"303":1,"306":1,"307":1,"310":1,"311":1,"313":1,"314":1,"315":1,"316":1,"317":1,"318":1,"319":1,"321":1,"322":1,"324":1}},"/home/travis/build/npmtest/node-npmtest-csscomb/node_modules/csscomb/lib/csscomb.js":{"path":"/home/travis/build/npmtest/node-npmtest-csscomb/node_modules/csscomb/lib/csscomb.js","s":{"1":1,"2":1,"3":1,"4":1,"5":1,"6":1,"7":1,"8":1,"9":26,"10":26,"11":1,"12":0,"13":1,"14":0,"15":1,"16":1,"17":0,"18":0,"19":1,"20":0,"21":0,"22":0,"23":0,"24":0,"25":0,"26":0,"27":0,"28":0,"29":0,"30":0,"31":0,"32":0,"33":0,"34":0,"35":0,"36":0,"37":0,"38":0,"39":0,"40":0,"41":1,"42":0,"43":0,"44":0,"45":0,"46":0,"47":0,"48":0,"49":0,"50":0,"51":0,"52":0,"53":0,"54":0,"55":0,"56":1,"57":0,"58":0,"59":0,"60":0,"61":0,"62":0,"63":1,"64":4,"65":4,"66":4,"67":0,"68":4,"69":4,"70":4,"71":1,"72":3,"73":3,"74":1,"75":0,"76":0,"77":0,"78":0,"79":0,"80":0,"81":0,"82":0,"83":0,"84":0,"85":1,"86":0,"87":0,"88":0,"89":0,"90":1,"91":0,"92":0,"93":0,"94":0,"95":0,"96":0,"97":0,"98":0,"99":0,"100":0,"101":0,"102":0,"103":0,"104":0,"105":0,"106":0,"107":0,"108":0,"109":0,"110":0,"111":0,"112":0,"113":0,"114":0,"115":0,"116":1,"117":0,"118":0,"119":0,"120":0,"121":1},"b":{"1":[0,1],"2":[0,1],"3":[0,0],"4":[0,0],"5":[0,0],"6":[0,0],"7":[0,0,0],"8":[0,0],"9":[0,0],"10":[0,0],"11":[0,0],"12":[4,0,0],"13":[4,1],"14":[0,4],"15":[1,3],"16":[4,3],"17":[0,0],"18":[0,0],"19":[0,0],"20":[0,0],"21":[0,0],"22":[0,0],"23":[0,0],"24":[0,0],"25":[0,0],"26":[0,0]},"f":{"1":1,"2":26,"3":26,"4":0,"5":0,"6":0,"7":0,"8":0,"9":0,"10":0,"11":4,"12":0,"13":0,"14":0,"15":0,"16":0,"17":0},"fnMap":{"1":{"name":"(anonymous_1)","line":14,"loc":{"start":{"line":14,"column":14},"end":{"line":14,"column":32}}},"2":{"name":"(anonymous_2)","line":18,"loc":{"start":{"line":18,"column":45},"end":{"line":18,"column":63}}},"3":{"name":"(anonymous_3)","line":20,"loc":{"start":{"line":20,"column":13},"end":{"line":20,"column":31}}},"4":{"name":"detectInFile","line":54,"loc":{"start":{"line":54,"column":23},"end":{"line":54,"column":60}}},"5":{"name":"detectInString","line":66,"loc":{"start":{"line":66,"column":25},"end":{"line":66,"column":64}}},"6":{"name":"(anonymous_6)","line":73,"loc":{"start":{"line":73,"column":22},"end":{"line":73,"column":40}}},"7":{"name":"getConfig","line":105,"loc":{"start":{"line":105,"column":20},"end":{"line":105,"column":45}}},"8":{"name":"(anonymous_8)","line":115,"loc":{"start":{"line":115,"column":54},"end":{"line":115,"column":80}}},"9":{"name":"(anonymous_9)","line":120,"loc":{"start":{"line":120,"column":57},"end":{"line":120,"column":79}}},"10":{"name":"getCustomConfig","line":138,"loc":{"start":{"line":138,"column":26},"end":{"line":138,"column":63}}},"11":{"name":"getCustomConfigPath","line":159,"loc":{"start":{"line":159,"column":30},"end":{"line":159,"column":71}}},"12":{"name":"cssToAST","line":191,"loc":{"start":{"line":191,"column":0},"end":{"line":191,"column":42}}},"13":{"name":"detectInTree","line":220,"loc":{"start":{"line":220,"column":0},"end":{"line":220,"column":38}}},"14":{"name":"(anonymous_14)","line":225,"loc":{"start":{"line":225,"column":19},"end":{"line":225,"column":38}}},"15":{"name":"getDetectedOptions","line":238,"loc":{"start":{"line":238,"column":0},"end":{"line":238,"column":48}}},"16":{"name":"(anonymous_16)","line":240,"loc":{"start":{"line":240,"column":32},"end":{"line":240,"column":50}}},"17":{"name":"getHandler","line":294,"loc":{"start":{"line":294,"column":0},"end":{"line":294,"column":32}}}},"statementMap":{"1":{"start":{"line":3,"column":0},"end":{"line":3,"column":38}},"2":{"start":{"line":4,"column":0},"end":{"line":4,"column":23}},"3":{"start":{"line":5,"column":0},"end":{"line":5,"column":29}},"4":{"start":{"line":6,"column":0},"end":{"line":6,"column":33}},"5":{"start":{"line":7,"column":0},"end":{"line":7,"column":27}},"6":{"start":{"line":14,"column":0},"end":{"line":34,"column":2}},"7":{"start":{"line":15,"column":2},"end":{"line":15,"column":24}},"8":{"start":{"line":18,"column":2},"end":{"line":22,"column":5}},"9":{"start":{"line":19,"column":4},"end":{"line":19,"column":42}},"10":{"start":{"line":21,"column":4},"end":{"line":21,"column":21}},"11":{"start":{"line":25,"column":2},"end":{"line":27,"column":3}},"12":{"start":{"line":26,"column":4},"end":{"line":26,"column":39}},"13":{"start":{"line":28,"column":2},"end":{"line":30,"column":3}},"14":{"start":{"line":29,"column":4},"end":{"line":29,"column":27}},"15":{"start":{"line":33,"column":2},"end":{"line":33,"column":14}},"16":{"start":{"line":54,"column":0},"end":{"line":57,"column":2}},"17":{"start":{"line":55,"column":2},"end":{"line":55,"column":49}},"18":{"start":{"line":56,"column":2},"end":{"line":56,"column":53}},"19":{"start":{"line":66,"column":0},"end":{"line":97,"column":2}},"20":{"start":{"line":67,"column":2},"end":{"line":67,"column":13}},"21":{"start":{"line":68,"column":2},"end":{"line":68,"column":20}},"22":{"start":{"line":70,"column":2},"end":{"line":70,"column":25}},"23":{"start":{"line":70,"column":13},"end":{"line":70,"column":25}},"24":{"start":{"line":72,"column":2},"end":{"line":72,"column":59}},"25":{"start":{"line":73,"column":2},"end":{"line":82,"column":5}},"26":{"start":{"line":74,"column":4},"end":{"line":74,"column":33}},"27":{"start":{"line":75,"column":4},"end":{"line":75,"column":55}},"28":{"start":{"line":75,"column":48},"end":{"line":75,"column":55}},"29":{"start":{"line":76,"column":4},"end":{"line":81,"column":5}},"30":{"start":{"line":77,"column":6},"end":{"line":77,"column":40}},"31":{"start":{"line":79,"column":6},"end":{"line":79,"column":73}},"32":{"start":{"line":80,"column":6},"end":{"line":80,"column":28}},"33":{"start":{"line":84,"column":2},"end":{"line":84,"column":28}},"34":{"start":{"line":85,"column":2},"end":{"line":85,"column":53}},"35":{"start":{"line":86,"column":2},"end":{"line":86,"column":57}},"36":{"start":{"line":89,"column":2},"end":{"line":89,"column":43}},"37":{"start":{"line":90,"column":2},"end":{"line":90,"column":67}},"38":{"start":{"line":92,"column":2},"end":{"line":94,"column":3}},"39":{"start":{"line":93,"column":4},"end":{"line":93,"column":47}},"40":{"start":{"line":96,"column":2},"end":{"line":96,"column":16}},"41":{"start":{"line":105,"column":0},"end":{"line":129,"column":2}},"42":{"start":{"line":106,"column":2},"end":{"line":106,"column":40}},"43":{"start":{"line":107,"column":2},"end":{"line":107,"column":37}},"44":{"start":{"line":109,"column":2},"end":{"line":111,"column":3}},"45":{"start":{"line":110,"column":4},"end":{"line":110,"column":53}},"46":{"start":{"line":113,"column":2},"end":{"line":113,"column":36}},"47":{"start":{"line":114,"column":2},"end":{"line":114,"column":46}},"48":{"start":{"line":115,"column":2},"end":{"line":117,"column":5}},"49":{"start":{"line":116,"column":4},"end":{"line":116,"column":40}},"50":{"start":{"line":119,"column":2},"end":{"line":126,"column":3}},"51":{"start":{"line":120,"column":4},"end":{"line":122,"column":18}},"52":{"start":{"line":121,"column":6},"end":{"line":121,"column":38}},"53":{"start":{"line":123,"column":4},"end":{"line":124,"column":63}},"54":{"start":{"line":125,"column":4},"end":{"line":125,"column":37}},"55":{"start":{"line":128,"column":2},"end":{"line":128,"column":57}},"56":{"start":{"line":138,"column":0},"end":{"line":149,"column":2}},"57":{"start":{"line":139,"column":2},"end":{"line":139,"column":13}},"58":{"start":{"line":140,"column":2},"end":{"line":140,"column":59}},"59":{"start":{"line":142,"column":2},"end":{"line":146,"column":3}},"60":{"start":{"line":143,"column":4},"end":{"line":143,"column":61}},"61":{"start":{"line":145,"column":4},"end":{"line":145,"column":18}},"62":{"start":{"line":148,"column":2},"end":{"line":148,"column":16}},"63":{"start":{"line":159,"column":0},"end":{"line":181,"column":2}},"64":{"start":{"line":160,"column":2},"end":{"line":160,"column":81}},"65":{"start":{"line":162,"column":2},"end":{"line":162,"column":71}},"66":{"start":{"line":165,"column":2},"end":{"line":165,"column":68}},"67":{"start":{"line":165,"column":33},"end":{"line":165,"column":68}},"68":{"start":{"line":173,"column":2},"end":{"line":173,"column":41}},"69":{"start":{"line":174,"column":2},"end":{"line":174,"column":44}},"70":{"start":{"line":175,"column":2},"end":{"line":175,"column":65}},"71":{"start":{"line":175,"column":53},"end":{"line":175,"column":65}},"72":{"start":{"line":179,"column":2},"end":{"line":179,"column":57}},"73":{"start":{"line":180,"column":2},"end":{"line":180,"column":49}},"74":{"start":{"line":191,"column":0},"end":{"line":210,"column":1}},"75":{"start":{"line":192,"column":2},"end":{"line":192,"column":30}},"76":{"start":{"line":193,"column":2},"end":{"line":193,"column":51}},"77":{"start":{"line":194,"column":2},"end":{"line":194,"column":11}},"78":{"start":{"line":196,"column":2},"end":{"line":200,"column":3}},"79":{"start":{"line":197,"column":4},"end":{"line":197,"column":52}},"80":{"start":{"line":199,"column":4},"end":{"line":199,"column":67}},"81":{"start":{"line":203,"column":2},"end":{"line":207,"column":3}},"82":{"start":{"line":204,"column":4},"end":{"line":205,"column":35}},"83":{"start":{"line":206,"column":4},"end":{"line":206,"column":37}},"84":{"start":{"line":209,"column":2},"end":{"line":209,"column":14}},"85":{"start":{"line":220,"column":0},"end":{"line":229,"column":1}},"86":{"start":{"line":221,"column":2},"end":{"line":221,"column":27}},"87":{"start":{"line":225,"column":2},"end":{"line":227,"column":5}},"88":{"start":{"line":226,"column":4},"end":{"line":226,"column":57}},"89":{"start":{"line":228,"column":2},"end":{"line":228,"column":25}},"90":{"start":{"line":238,"column":0},"end":{"line":285,"column":1}},"91":{"start":{"line":239,"column":2},"end":{"line":239,"column":19}},"92":{"start":{"line":240,"column":2},"end":{"line":282,"column":5}},"93":{"start":{"line":243,"column":4},"end":{"line":243,"column":34}},"94":{"start":{"line":244,"column":4},"end":{"line":244,"column":10}},"95":{"start":{"line":245,"column":4},"end":{"line":281,"column":5}},"96":{"start":{"line":248,"column":6},"end":{"line":253,"column":7}},"97":{"start":{"line":249,"column":8},"end":{"line":252,"column":9}},"98":{"start":{"line":250,"column":10},"end":{"line":250,"column":54}},"99":{"start":{"line":251,"column":10},"end":{"line":251,"column":16}},"100":{"start":{"line":254,"column":11},"end":{"line":281,"column":5}},"101":{"start":{"line":255,"column":6},"end":{"line":255,"column":34}},"102":{"start":{"line":260,"column":6},"end":{"line":260,"column":24}},"103":{"start":{"line":261,"column":6},"end":{"line":261,"column":27}},"104":{"start":{"line":262,"column":6},"end":{"line":262,"column":22}},"105":{"start":{"line":263,"column":6},"end":{"line":277,"column":7}},"106":{"start":{"line":264,"column":8},"end":{"line":264,"column":37}},"107":{"start":{"line":266,"column":8},"end":{"line":270,"column":9}},"108":{"start":{"line":267,"column":10},"end":{"line":267,"column":35}},"109":{"start":{"line":269,"column":10},"end":{"line":269,"column":37}},"110":{"start":{"line":273,"column":8},"end":{"line":276,"column":9}},"111":{"start":{"line":274,"column":10},"end":{"line":274,"column":43}},"112":{"start":{"line":275,"column":10},"end":{"line":275,"column":35}},"113":{"start":{"line":278,"column":6},"end":{"line":280,"column":7}},"114":{"start":{"line":279,"column":8},"end":{"line":279,"column":36}},"115":{"start":{"line":284,"column":2},"end":{"line":284,"column":17}},"116":{"start":{"line":294,"column":0},"end":{"line":303,"column":1}},"117":{"start":{"line":295,"column":2},"end":{"line":295,"column":50}},"118":{"start":{"line":296,"column":2},"end":{"line":296,"column":81}},"119":{"start":{"line":296,"column":22},"end":{"line":296,"column":81}},"120":{"start":{"line":298,"column":2},"end":{"line":302,"column":4}},"121":{"start":{"line":305,"column":0},"end":{"line":305,"column":25}}},"branchMap":{"1":{"line":25,"type":"if","locations":[{"start":{"line":25,"column":2},"end":{"line":25,"column":2}},{"start":{"line":25,"column":2},"end":{"line":25,"column":2}}]},"2":{"line":28,"type":"if","locations":[{"start":{"line":28,"column":2},"end":{"line":28,"column":2}},{"start":{"line":28,"column":2},"end":{"line":28,"column":2}}]},"3":{"line":70,"type":"if","locations":[{"start":{"line":70,"column":2},"end":{"line":70,"column":2}},{"start":{"line":70,"column":2},"end":{"line":70,"column":2}}]},"4":{"line":75,"type":"if","locations":[{"start":{"line":75,"column":4},"end":{"line":75,"column":4}},{"start":{"line":75,"column":4},"end":{"line":75,"column":4}}]},"5":{"line":75,"type":"binary-expr","locations":[{"start":{"line":75,"column":8},"end":{"line":75,"column":15}},{"start":{"line":75,"column":19},"end":{"line":75,"column":46}}]},"6":{"line":92,"type":"if","locations":[{"start":{"line":92,"column":2},"end":{"line":92,"column":2}},{"start":{"line":92,"column":2},"end":{"line":92,"column":2}}]},"7":{"line":92,"type":"binary-expr","locations":[{"start":{"line":92,"column":6},"end":{"line":92,"column":37}},{"start":{"line":92,"column":41},"end":{"line":92,"column":63}},{"start":{"line":92,"column":67},"end":{"line":92,"column":108}}]},"8":{"line":107,"type":"binary-expr","locations":[{"start":{"line":107,"column":9},"end":{"line":107,"column":13}},{"start":{"line":107,"column":17},"end":{"line":107,"column":36}}]},"9":{"line":109,"type":"if","locations":[{"start":{"line":109,"column":2},"end":{"line":109,"column":2}},{"start":{"line":109,"column":2},"end":{"line":109,"column":2}}]},"10":{"line":119,"type":"if","locations":[{"start":{"line":119,"column":2},"end":{"line":119,"column":2}},{"start":{"line":119,"column":2},"end":{"line":119,"column":2}}]},"11":{"line":140,"type":"binary-expr","locations":[{"start":{"line":140,"column":15},"end":{"line":140,"column":25}},{"start":{"line":140,"column":29},"end":{"line":140,"column":58}}]},"12":{"line":160,"type":"binary-expr","locations":[{"start":{"line":160,"column":13},"end":{"line":160,"column":29}},{"start":{"line":160,"column":33},"end":{"line":160,"column":53}},{"start":{"line":160,"column":57},"end":{"line":160,"column":80}}]},"13":{"line":162,"type":"binary-expr","locations":[{"start":{"line":162,"column":15},"end":{"line":162,"column":25}},{"start":{"line":162,"column":29},"end":{"line":162,"column":70}}]},"14":{"line":165,"type":"if","locations":[{"start":{"line":165,"column":2},"end":{"line":165,"column":2}},{"start":{"line":165,"column":2},"end":{"line":165,"column":2}}]},"15":{"line":175,"type":"if","locations":[{"start":{"line":175,"column":2},"end":{"line":175,"column":2}},{"start":{"line":175,"column":2},"end":{"line":175,"column":2}}]},"16":{"line":175,"type":"binary-expr","locations":[{"start":{"line":175,"column":6},"end":{"line":175,"column":22}},{"start":{"line":175,"column":26},"end":{"line":175,"column":51}}]},"17":{"line":193,"type":"cond-expr","locations":[{"start":{"line":193,"column":28},"end":{"line":193,"column":45}},{"start":{"line":193,"column":48},"end":{"line":193,"column":50}}]},"18":{"line":203,"type":"if","locations":[{"start":{"line":203,"column":2},"end":{"line":203,"column":2}},{"start":{"line":203,"column":2},"end":{"line":203,"column":2}}]},"19":{"line":245,"type":"if","locations":[{"start":{"line":245,"column":4},"end":{"line":245,"column":4}},{"start":{"line":245,"column":4},"end":{"line":245,"column":4}}]},"20":{"line":249,"type":"if","locations":[{"start":{"line":249,"column":8},"end":{"line":249,"column":8}},{"start":{"line":249,"column":8},"end":{"line":249,"column":8}}]},"21":{"line":249,"type":"binary-expr","locations":[{"start":{"line":249,"column":12},"end":{"line":249,"column":39}},{"start":{"line":249,"column":43},"end":{"line":249,"column":82}}]},"22":{"line":254,"type":"if","locations":[{"start":{"line":254,"column":11},"end":{"line":254,"column":11}},{"start":{"line":254,"column":11},"end":{"line":254,"column":11}}]},"23":{"line":266,"type":"if","locations":[{"start":{"line":266,"column":8},"end":{"line":266,"column":8}},{"start":{"line":266,"column":8},"end":{"line":266,"column":8}}]},"24":{"line":273,"type":"if","locations":[{"start":{"line":273,"column":8},"end":{"line":273,"column":8}},{"start":{"line":273,"column":8},"end":{"line":273,"column":8}}]},"25":{"line":278,"type":"if","locations":[{"start":{"line":278,"column":6},"end":{"line":278,"column":6}},{"start":{"line":278,"column":6},"end":{"line":278,"column":6}}]},"26":{"line":296,"type":"if","locations":[{"start":{"line":296,"column":2},"end":{"line":296,"column":2}},{"start":{"line":296,"column":2},"end":{"line":296,"column":2}}]}},"code":["'use strict';","","let gonzales = require('gonzales-pe');","let fs = require('fs');","let Comb = require('./core');","let format = require('./format');","let path = require('path');","","/**"," * @param {String|Object} config"," * @constructor"," * @name CSScomb"," */","let CSScomb = function (config) {","  let comb = new Comb();","","  // Add plugins.","  fs.readdirSync(__dirname + '/options').map(function (option) {","    return require('./options/' + option);","  }).forEach(function (option) {","    comb.use(option);","  });","","  // If config was passed, configure:","  if (typeof config === 'string') {","    config = CSScomb.getConfig(config);","  }","  if (typeof config === 'object') {","    comb.configure(config);","  }","","  // Chaining.","  return comb;","};","","/**"," * STATIC METHODS"," * Methods that can be called without creating an instance:"," *   - detectInFile;"," *   - detectInString;"," *   - getConfig;"," *   - getCustomConfig;"," *   - getCustomConfigPath;"," * For example: `CSScomb.getConfig('zen')`"," */","","/**"," * Detects the options in the given file"," *"," * @param {String} file Path to the stylesheet"," * @param {Array} options List of options to detect"," * @returns {Object} Detected options"," */","CSScomb.detectInFile = function detectInFile(file, options) {","  var stylesheet = fs.readFileSync(file, 'utf8');","  return CSScomb.detectInString(stylesheet, options);","};","","/**"," * Detects the options in the given string"," *"," * @param {String} text Stylesheet"," * @param {Array} options List of options to detect"," * @returns {Object} Detected options"," */","CSScomb.detectInString = function detectInString(text, options) {","  var result;","  var handlers = [];","","  if (!text) return text;","","  var optionNames = fs.readdirSync(__dirname + '/options');","  optionNames.forEach(function (option) {","    option = option.slice(0, -3);","    if (options && options.indexOf(option) < 0) return;","    try {","      handlers.push(getHandler(option));","    } catch (e) {","      let message = `\\nFailed to load \"${option}\" option:\\n${e.message}`;","      console.warn(message);","    }","  });","","  var tree = cssToAST(text);","  var detectedOptions = detectInTree(tree, handlers);","  result = getDetectedOptions(detectedOptions, handlers);","","  // Handle conflicting options with spaces around braces:","  var blockIndent = result['block-indent'];","  var spaceAfterOpeningBrace = result['space-after-opening-brace'];","","  if (typeof blockIndent === 'string' && spaceAfterOpeningBrace && spaceAfterOpeningBrace.indexOf('\\n') > -1) {","    result['space-after-opening-brace'] = '\\n';","  }","","  return result;","};","","/**"," * Gets one of configuration files from configs' directory."," *"," * @param {String} name Config's name, e.g. 'yandex'"," * @returns {Object} Configuration object"," */","CSScomb.getConfig = function getConfig(name) {","  const DEFAULT_CONFIG_NAME = 'csscomb';","  name = name || DEFAULT_CONFIG_NAME;","","  if (typeof name !== 'string') {","    throw new Error('Config name must be a string.');","  }","","  let CONFIG_DIR_PATH = '../config';","  let dir = `${__dirname}/${CONFIG_DIR_PATH}`;","  let availableConfigsNames = fs.readdirSync(dir).map(function (configFileName) {","    return configFileName.split('.')[0]; // Strip file extension(s)","  });","","  if (availableConfigsNames.indexOf(name) < 0) {","    let configsNamesAsString = availableConfigsNames.map(function (configName) {","      return '\\'' + configName + '\\'';","    }).join(', ');","    let message = `\"${name}\" is not a valid config name. Try one","                   of the following: ${configsNamesAsString}.`;","    throw new Error(format(message));","  }","","  return require(CONFIG_DIR_PATH + '/' + name + '.json');","};","","/**"," * Gets configuration from provided config path or looks for it in common"," * places."," *"," * @param {String} [configPath]"," * @returns {Object|null}"," */","CSScomb.getCustomConfig = function getCustomConfig(configPath) {","  var config;","  configPath = configPath || CSScomb.getCustomConfigPath();","","  try {","    config = JSON.parse(fs.readFileSync(configPath, 'utf8'));","  } catch (e) {","    config = null;","  }","","  return config;","};","","/**"," * Looks for a config file: recursively from current (process) directory"," * up to $HOME dir"," * If no custom config file is found, return `null`."," *"," * @param {String} [configPath]"," * @returns {String | null}"," */","CSScomb.getCustomConfigPath = function getCustomConfigPath(configPath) {","  var HOME = process.env.HOME || process.env.HOMEPATH || process.env.USERPROFILE;","","  configPath = configPath || path.join(process.cwd(), '.csscomb.json');","","  // If we've finally found a config, return its path:","  if (fs.existsSync(configPath)) return fs.realpathSync(configPath);","","  // If we are in HOME dir already and yet no config file, return a default","  // one from our package.","  // If project is located not under HOME, compare to root instead.","  // Since there appears to be no good way to get root path in","  // Windows, assume that if current dir has no parent dir, we're in","  // root.","  var dirname = path.dirname(configPath);","  var parentDirname = path.dirname(dirname);","  if (dirname === HOME || dirname === parentDirname) return null;","","  // If there is no config in this directory, go one level up and look for","  // a config there:","  configPath = path.join(parentDirname, '.csscomb.json');","  return CSScomb.getCustomConfigPath(configPath);","};","","/**"," * Converts CSS string to AST."," *"," * @param {String} text CSS string"," * @param {String} [syntax] Syntax name (e.g., `scss`)"," * @param {String} [filename]"," * @returns {Array} AST"," */","function cssToAST(text, syntax, filename) {","  var string = JSON.stringify;","  var fileInfo = filename ? ' at ' + filename : '';","  var tree;","","  try {","    tree = gonzales.parse(text, { syntax: syntax });","  } catch (e) {","    throw new Error('Parsing error' + fileInfo + ': ' + e.message);","  }","","  // TODO: When can tree be undefined? <tg>","  if (typeof tree === 'undefined') {","    let message = `Undefined tree ${fileInfo}: ${string(text)} =>","                  ${string(tree)}`;","    throw new Error(format(message));","  }","","  return tree;","}","","/**"," * Processes tree and detects options."," *"," * @param {Array} tree"," * @param {Array} handlers List of options that we should look for"," * @returns {Object} Map with detected options and all variants of possible"," * values"," */","function detectInTree(tree, handlers) {","  var detectedOptions = {};","  // We walk across complete tree for each handler,","  // because we need strictly maintain order in which handlers work,","  // despite fact that handlers work on different level of the tree.","  handlers.forEach(function (handler) {","    detectedOptions[handler.name] = handler.detect(tree);","  });","  return detectedOptions;","}","","/**"," * Gets the detected options."," *"," * @param {Object} detected"," * @param {Array} handlers"," * @returns {Object}"," */","function getDetectedOptions(detected, handlers) {","  var options = {};","  Object.keys(detected).forEach(function (option) {","    // List of all the detected variants from the stylesheet","    // for the given option:","    var values = detected[option];","    var i;","    if (!values.length) {","      // If there are no values for the option, check if there is","      // a default one:","      for (i = handlers.length; i--;) {","        if (handlers[i].name === option && handlers[i].detectDefault !== undefined) {","          options[option] = handlers[i].detectDefault;","          break;","        }","      }","    } else if (values.length === 1) {","      options[option] = values[0];","    } else {","      // If there are more than one value for the option, find","      // the most popular one; `variants` would be populated","      // with the popularity for different values.","      var variants = {};","      var bestGuess = null;","      var maximum = 0;","      for (i = values.length; i--;) {","        var currentValue = values[i];","        // Count the current value:","        if (variants[currentValue]) {","          variants[currentValue]++;","        } else {","          variants[currentValue] = 1;","        }","        // If the current variant is the most popular one, treat","        // it as the best guess:","        if (variants[currentValue] >= maximum) {","          maximum = variants[currentValue];","          bestGuess = currentValue;","        }","      }","      if (bestGuess !== null) {","        options[option] = bestGuess;","      }","    }","  });","","  return options;","}","","/**"," * Gets option's data needed for detection"," *"," * @param {String} optionName"," * @returns {Object} Object with option's name, link to `detect()` method"," * and default value for the case when nothing can be detected"," */","function getHandler(optionName) {","  var option = require('./options/' + optionName);","  if (!option.detect) throw new Error('Option does not have `detect()` method.');","","  return {","    name: option.name,","    detect: option.detect,","    detectDefault: option.detectDefault","  };","}","","module.exports = CSScomb;"],"l":{"3":1,"4":1,"5":1,"6":1,"7":1,"14":1,"15":1,"18":1,"19":26,"21":26,"25":1,"26":0,"28":1,"29":0,"33":1,"54":1,"55":0,"56":0,"66":1,"67":0,"68":0,"70":0,"72":0,"73":0,"74":0,"75":0,"76":0,"77":0,"79":0,"80":0,"84":0,"85":0,"86":0,"89":0,"90":0,"92":0,"93":0,"96":0,"105":1,"106":0,"107":0,"109":0,"110":0,"113":0,"114":0,"115":0,"116":0,"119":0,"120":0,"121":0,"123":0,"125":0,"128":0,"138":1,"139":0,"140":0,"142":0,"143":0,"145":0,"148":0,"159":1,"160":4,"162":4,"165":4,"173":4,"174":4,"175":4,"179":3,"180":3,"191":1,"192":0,"193":0,"194":0,"196":0,"197":0,"199":0,"203":0,"204":0,"206":0,"209":0,"220":1,"221":0,"225":0,"226":0,"228":0,"238":1,"239":0,"240":0,"243":0,"244":0,"245":0,"248":0,"249":0,"250":0,"251":0,"254":0,"255":0,"260":0,"261":0,"262":0,"263":0,"264":0,"266":0,"267":0,"269":0,"273":0,"274":0,"275":0,"278":0,"279":0,"284":0,"294":1,"295":0,"296":0,"298":0,"305":1}},"/home/travis/build/npmtest/node-npmtest-csscomb/node_modules/csscomb/lib/core.js":{"path":"/home/travis/build/npmtest/node-npmtest-csscomb/node_modules/csscomb/lib/core.js","s":{"1":1,"2":1,"3":1,"4":1,"5":1,"6":1,"7":1,"8":1,"9":1,"10":1,"11":1,"12":1,"13":1,"14":1,"15":1,"16":1,"17":1,"18":1,"19":0,"20":1,"21":1,"22":1,"23":1,"24":3,"25":1,"26":0,"27":0,"28":1,"29":26,"30":26,"31":26,"32":4,"33":22,"34":22,"35":22,"36":1,"37":0,"38":0,"39":0,"40":0,"41":0,"42":0,"43":0,"44":0,"45":0,"46":0,"47":0,"48":0,"49":0,"50":0,"51":0,"52":0,"53":0,"54":0,"55":0,"56":0,"57":0,"58":0,"59":0,"60":0,"61":0,"62":0,"63":0,"64":0,"65":0,"66":0,"67":0,"68":0,"69":0,"70":0,"71":0,"72":0,"73":0,"74":0,"75":0,"76":0,"77":0,"78":0,"79":0,"80":0,"81":0,"82":0,"83":0,"84":0,"85":0,"86":0,"87":0,"88":0,"89":0,"90":0,"91":0,"92":0,"93":0,"94":0,"95":0,"96":0,"97":0,"98":0,"99":0,"100":0,"101":0,"102":26,"103":26,"104":0,"105":0,"106":0,"107":26,"108":26,"109":100,"110":26,"111":26,"112":11,"113":15,"114":11,"115":11,"116":4,"117":4,"118":4,"119":4,"120":26,"121":26,"122":22,"123":4,"124":4,"125":4,"126":4,"127":4,"128":4,"129":4,"130":0,"131":0,"132":0,"133":0,"134":0,"135":0,"136":0,"137":0,"138":0,"139":0,"140":0,"141":0,"142":0,"143":0,"144":0,"145":0,"146":0,"147":0,"148":0,"149":0,"150":0,"151":0,"152":0,"153":0,"154":0,"155":0,"156":0,"157":0,"158":0,"159":0,"160":0,"161":0,"162":0,"163":0,"164":0,"165":0,"166":0,"167":0,"168":0,"169":0,"170":0,"171":0,"172":41,"173":56,"174":56,"175":722,"176":26,"177":26,"178":56,"179":0,"180":0,"181":0,"182":0,"183":0,"184":0,"185":0,"186":0,"187":0,"188":0,"189":0,"190":0,"191":0,"192":0,"193":0,"194":0,"195":0,"196":0,"197":0,"198":0,"199":0,"200":0,"201":0,"202":0,"203":0,"204":1},"b":{"1":[0,1],"2":[1,0],"3":[0,1],"4":[4,22],"5":[0,0],"6":[0,0],"7":[0,0],"8":[0,0],"9":[0,0],"10":[0,0],"11":[0,0],"12":[0,0],"13":[0,0],"14":[0,0],"15":[0,0],"16":[0,0],"17":[0,0],"18":[0,26],"19":[0,0],"20":[11,15],"21":[11,4],"22":[4,0],"23":[22,4],"24":[0,0],"25":[0,0],"26":[0,0],"27":[0,0],"28":[0,0,0],"29":[0,0],"30":[0,0],"31":[0,0,0],"32":[0,0],"33":[0,0],"34":[0,0],"35":[0,0],"36":[0,0],"37":[26,696],"38":[0,0,0],"39":[0,0],"40":[0,0],"41":[0,0],"42":[0,0],"43":[0,0]},"f":{"1":1,"2":1,"3":3,"4":0,"5":0,"6":0,"7":0,"8":0,"9":0,"10":0,"11":0,"12":0,"13":0,"14":0,"15":0,"16":0,"17":0,"18":0,"19":0,"20":0,"21":26,"22":100,"23":0,"24":0,"25":0,"26":0,"27":0,"28":0,"29":0,"30":41,"31":56,"32":722,"33":0,"34":0,"35":0,"36":0,"37":0,"38":0,"39":0,"40":0,"41":0},"fnMap":{"1":{"name":"(anonymous_1)","line":15,"loc":{"start":{"line":15,"column":13},"end":{"line":15,"column":16}}},"2":{"name":"(anonymous_2)","line":39,"loc":{"start":{"line":39,"column":11},"end":{"line":39,"column":20}}},"3":{"name":"(anonymous_3)","line":46,"loc":{"start":{"line":46,"column":58},"end":{"line":46,"column":77}}},"4":{"name":"(anonymous_4)","line":79,"loc":{"start":{"line":79,"column":15},"end":{"line":79,"column":22}}},"5":{"name":"(anonymous_5)","line":91,"loc":{"start":{"line":91,"column":10},"end":{"line":91,"column":17}}},"6":{"name":"(anonymous_6)","line":103,"loc":{"start":{"line":103,"column":10},"end":{"line":103,"column":17}}},"7":{"name":"(anonymous_7)","line":115,"loc":{"start":{"line":115,"column":12},"end":{"line":115,"column":28}}},"8":{"name":"(ano
[...]
ns":[{"start":{"line":213,"column":8},"end":{"line":213,"column":31}},{"start":{"line":213,"column":35},"end":{"line":213,"column":51}}]},"28":{"line":215,"type":"binary-expr","locations":[{"start":{"line":215,"column":17},"end":{"line":215,"column":30}},{"start":{"line":215,"column":34},"end":{"line":215,"column":63}}]},"29":{"line":219,"type":"if","locations":[{"start":{"line":219,"column":4},"end":{"line":219,"column":4}},{"start":{"line":219,"column":4},"end":{"line":219,"column":4}}]},"30":{"line":239,"type":"if","locations":[{"start":{"line":239,"column":4},"end":{"line":239,"column":4}},{"start":{"line":239,"column":4},"end":{"line":239,"column":4}}]},"31":{"line":243,"type":"if","locations":[{"start":{"line":243,"column":4},"end":{"line":243,"column":4}},{"start":{"line":243,"column":4},"end":{"line":243,"column":4}}]},"32":{"line":291,"type":"if","locations":[{"start":{"line":291,"column":8},"end":{"line":291,"column":8}},{"start":{"line":291,"column":8},"end":{"line":291,"column":8}}]},"33":{"line":291,"type":"binary-expr","locations":[{"start":{"line":291,"column":12},"end":{"line":291,"column":19}},{"start":{"line":291,"column":23},"end":{"line":291,"column":44}}]},"34":{"line":301,"type":"if","locations":[{"start":{"line":301,"column":14},"end":{"line":301,"column":14}},{"start":{"line":301,"column":14},"end":{"line":301,"column":14}}]},"35":{"line":305,"type":"if","locations":[{"start":{"line":305,"column":12},"end":{"line":305,"column":12}},{"start":{"line":305,"column":12},"end":{"line":305,"column":12}}]},"36":{"line":320,"type":"if","locations":[{"start":{"line":320,"column":8},"end":{"line":320,"column":8}},{"start":{"line":320,"column":8},"end":{"line":320,"column":8}}]},"37":{"line":329,"type":"if","locations":[{"start":{"line":329,"column":12},"end":{"line":329,"column":12}},{"start":{"line":329,"column":12},"end":{"line":329,"column":12}}]},"38":{"line":331,"type":"if","locations":[{"start":{"line":331,"column":12},"end":{"line":331,"column":12}},{"start":{"line":331,"column":12},"end":{"line":331,"column":12}}]},"39":{"line":376,"type":"if","locations":[{"start":{"line":376,"column":10},"end":{"line":376,"column":10}},{"start":{"line":376,"column":10},"end":{"line":376,"column":10}}]},"40":{"line":376,"type":"binary-expr","locations":[{"start":{"line":376,"column":14},"end":{"line":376,"column":31}},{"start":{"line":376,"column":35},"end":{"line":376,"column":57}}]},"41":{"line":377,"type":"if","locations":[{"start":{"line":377,"column":12},"end":{"line":377,"column":12}},{"start":{"line":377,"column":12},"end":{"line":377,"column":12}}]},"42":{"line":385,"type":"if","locations":[{"start":{"line":385,"column":10},"end":{"line":385,"column":10}},{"start":{"line":385,"column":10},"end":{"line":385,"column":10}}]},"43":{"line":385,"type":"binary-expr","locations":[{"start":{"line":385,"column":14},"end":{"line":385,"column":31}},{"start":{"line":385,"column":35},"end":{"line":385,"column":73}}]},"44":{"line":391,"type":"if","locations":[{"start":{"line":391,"column":10},"end":{"line":391,"column":10}},{"start":{"line":391,"column":10},"end":{"line":391,"column":10}}]},"45":{"line":391,"type":"binary-expr","locations":[{"start":{"line":391,"column":14},"end":{"line":391,"column":25}},{"start":{"line":391,"column":29},"end":{"line":391,"column":52}}]},"46":{"line":395,"type":"if","locations":[{"start":{"line":395,"column":12},"end":{"line":395,"column":12}},{"start":{"line":395,"column":12},"end":{"line":395,"column":12}}]},"47":{"line":402,"type":"if","locations":[{"start":{"line":402,"column":10},"end":{"line":402,"column":10}},{"start":{"line":402,"column":10},"end":{"line":402,"column":10}}]},"48":{"line":402,"type":"binary-expr","locations":[{"start":{"line":402,"column":14},"end":{"line":402,"column":35}},{"start":{"line":402,"column":39},"end":{"line":402,"column":61}}]},"49":{"line":405,"type":"if","locations":[{"start":{"line":405,"column":12},"end":{"line":405,"column":12}},{"start":{"line":405,"column":12},"end":{"line":405,"column":12}}]},"50":{"line":423,"type":"if","locations":[{"start":{"line":423,"column":12},"end":{"line":423,"column":12}},{"start":{"line":423,"column":12},"end":{"line":423,"column":12}}]},"51":{"line":423,"type":"binary-expr","locations":[{"start":{"line":423,"column":16},"end":{"line":423,"column":31}},{"start":{"line":423,"column":35},"end":{"line":423,"column":58}}]},"52":{"line":437,"type":"if","locations":[{"start":{"line":437,"column":14},"end":{"line":437,"column":14}},{"start":{"line":437,"column":14},"end":{"line":437,"column":14}}]},"53":{"line":440,"type":"if","locations":[{"start":{"line":440,"column":12},"end":{"line":440,"column":12}},{"start":{"line":440,"column":12},"end":{"line":440,"column":12}}]},"54":{"line":448,"type":"if","locations":[{"start":{"line":448,"column":8},"end":{"line":448,"column":8}},{"start":{"line":448,"column":8},"end":{"line":448,"column":8}}]},"55":{"line":448,"type":"binary-expr","locations":[{"start":{"line":448,"column":12},"end":{"line":448,"column":27}},{"start":{"line":448,"column":31},"end":{"line":448,"column":47}}]},"56":{"line":449,"type":"if","locations":[{"start":{"line":449,"column":10},"end":{"line":449,"column":10}},{"start":{"line":449,"column":10},"end":{"line":449,"column":10}}]}},"code":["'use strict';","","var gonzales = require('gonzales-pe');","","module.exports = function () {","  // Vendor prefixes list:","  var PREFIXES = ['webkit', 'khtml', 'moz', 'ms', 'o'];","","  var oneline;","","  /**","   * Makes namespace from property name.","   *","   * @param {String} propertyName","   * @returns {String|undefined}","   */","  function makeNamespace(propertyName) {","    var info = getPrefixInfo(propertyName);","    return info && info.baseName;","  }","","  /**","   * Creates object which contains info about vendor prefix used","   * in propertyName.","   *","   * @param {String} propertyName property name","   * @param {String} [namespace=''] namespace name","   * @param {Number} [extraSymbols=0] extra symbols count","   * @returns {Object|undefined}","   */","  function getPrefixInfo(propertyName, namespace, extraSymbols) {","    var baseName = propertyName;","    var prefixLength = 0;","","    namespace = namespace || '';","    extraSymbols = extraSymbols || 0;","","    if (!propertyName) return;","","    PREFIXES.some(function (prefix) {","      prefix = '-' + prefix + '-';","      if (propertyName.indexOf(prefix) !== 0) return;","","      baseName = baseName.substr(prefix.length);","      prefixLength = prefix.length;","","      return true;","    });","","    return {","      id: namespace + baseName,","      baseName: baseName,","      prefixLength: prefixLength,","      extra: extraSymbols","    };","  }","","  /**","   * Returns extra indent for item in arguments","   *","   * @param {Array} nodes nodes to process","   * @returns {Number|undefined}","   */","  function extraIndent(nodes) {","    if (!nodes || !nodes.length) return;","","    var node;","    var crPos;","    var tabPos;","    var result = 0;","","    for (var i = nodes.length; i--;) {","      node = nodes[i];","","      if (!node.content) {","        crPos = -1;","      } else {","        crPos = node.content.lastIndexOf('\\n');","        tabPos = node.content.lastIndexOf('\\t');","        if (tabPos > crPos) crPos = tabPos;","      }","","      if (crPos !== -1) oneline = false;","","      if (node.is('space')) {","        result += node.content.length - crPos - 1;","        if (crPos !== -1) break;","      }","      if (node.is('multilineComment')) {","        if (crPos === -1) {","          // Comment symbols length","          let offset = 4;","          result += node.content.length + offset;","        } else {","          // Only last comment symbols length - 1 (not count \\n)","          let offset = crPos - 1;","          result += node.content.length - offset;","          break;","        }","      }","    }","","    return result;","  }","","  /**","   * Wrapper for extra indent function for `property` node.","   *","   * @param {Array} nodes all nodes","   * @param {Number} i position in nodes array","   */","  function extraIndentProperty(nodes, i) {","    var subset = [];","    while (i--) {","      if (!nodes.get(i) || nodes.get(i).is('declarationDelimiter')) break;","      subset.unshift(nodes.get(i));","    }","    return extraIndent(subset);","  }","","  /**","   * Wrapper for extra indent function for val-node.","   *","   * @param {Array} nodes all nodes","   * @param {Number} i position in nodes array","   */","  function extraIndentVal(nodes, i) {","    var subset = [];","    var declaration = nodes.get(i);","    if (!declaration.is('declaration')) return;","","    for (var x = declaration.length; x--;) {","      if (!declaration.get(x).is('value')) continue;","","      x--;","","      while (!declaration.get(x).is('propertyDelimiter')) {","        subset.push(declaration.get(x));","        x--;","      }","","      break;","    }","    return extraIndent(subset);","  }","","  /**","   * Walks across nodes, and call payload for every node that pass","   * selector check.","   *","   * @param {Object} args arguments in form of:","   *  {","   *      node: {object} current node,","   *      selector: {function} propertyName selector","   *      payload: {function} work to do with gathered info","   *      namespaceSelector: {function} selector for namespace","   *      getExtraSymbols: {Number} extra symbols count","   *  }","   */","  function walk(args) {","    args.node.forEach(function (item, i) {","      var name = args.selector(item);","      var namespace = args.namespaceSelector && makeNamespace(args.namespaceSelector(item));","      var extraSymbols = args.getExtraSymbols(args.node, i);","","      var info = name && getPrefixInfo(name, namespace, extraSymbols);","      if (!info) return;","      args.payload(info, i);","    });","  }","","  /**","   * Returns property name.","   * e.g.","   * for: 'color: #fff'","   * returns string: 'color'","   *","   * @param {node} node","   * @returns {String|undefined}","   */","  function getPropertyName(node) {","    if (!node.is('declaration')) return;","    // TODO: Check that it's not a variable","    return node.get(0).get(0).content;","  }","","  /**","   * Returns property value name.","   * e.g.","   * for: '-webkit-transition: -webkit-transform 150ms linear'","   * returns string: '-webkit-transform', and","   * for: 'background: -webkit-linear-gradient(...)'","   * returns string: '-webkit-linear-gradient'","   *","   * @param {node} node","   * @returns {String|undefined}","   */","  function getValName(node) {","    if (!node.is('declaration')) return;","","    var value = node.first('value');","    if (value.get(0).is('ident')) return value.get(0).content;","    if (value.get(0).is('function')) return value.get(0).get(0).content;","  }","","  /**","   * Updates dict which contains info about items align.","   *","   * @param {Object} info","   * @param {Object} dict","   */","  function updateDict(info, dict) {","    if (info.prefixLength === 0 && info.extra === 0) return;","","    var indent = dict[info.id] || { prefixLength: 0, extra: 0 };","","    let indentLength = indent.prefixLength + indent.extra;","    let infoLength = info.prefixLength + info.extra;","    if (indentLength > infoLength) {","      dict[info.id] = indent;","    } else {","      dict[info.id] = {","        prefixLength: info.prefixLength,","        extra: info.extra","      };","    }","  }","","  /**","   * Returns string with correct number of spaces for info.baseName property.","   *","   * @param {Object} info","   * @param {Object} dict","   * @param {String} whitespaceNode","   * @returns {String}","   */","  function updateIndent(info, dict, whitespaceNode) {","    var item = dict[info.id];","    if (!item) return whitespaceNode;","","    var crPos = whitespaceNode.lastIndexOf('\\n');","    var tabPos = whitespaceNode.lastIndexOf('\\t');","    if (tabPos > crPos) crPos = tabPos;","","    var firstPart = whitespaceNode.substr(0, crPos + 1);","    var extraIndent = new Array(item.prefixLength - info.prefixLength + (item.extra - info.extra) + whitespaceNode.length - firstPart.length + 1).join(' ');","","    return firstPart.concat(extraIndent);","  }","","  return {","    name: 'vendor-prefix-align',","","    syntax: ['css', 'less', 'sass', 'scss'],","","    accepts: {","      boolean: [true]","    },","","    /**","     * Processes tree node.","     *","     * @param {node} ast","     */","    process: function (ast) {","      ast.traverseByType('block', function (node) {","        oneline = true;","","        var dict = {};","","        // Gathering Info","        walk({","          node: node,","          selector: getPropertyName,","          getExtraSymbols: extraIndentProperty,","          payload: function (info) {","            updateDict(info, dict);","          }","        });","","        walk({","          node: node,","          selector: getValName,","          namespaceSelector: getPropertyName,","          getExtraSymbols: extraIndentVal,","          payload: function (info) {","            updateDict(info, dict);","          }","        });","","        if (oneline && ast.syntax !== 'sass') return;","","        // Update nodes","        walk({","          node: node,","          selector: getValName,","          namespaceSelector: getPropertyName,","          getExtraSymbols: extraIndentVal,","          payload: function (info, i) {","            for (var x = node.get(i).length; x--;) {","              if (node.get(i).get(x).is('value')) break;","            }","","            let prevNode = node.get(i).get(x - 1);","            if (!prevNode.is('space')) {","              var space = gonzales.createNode({","                type: 'space',","                content: ''","              });","              node.get(i).insert(x, space);","              ++x;","            }","","            let content = node.get(i).get(x - 1).content;","            let updatedIndent = updateIndent(info, dict, content);","            node.get(i).get(x - 1).content = updatedIndent;","          }","        });","","        if (ast.syntax === 'sass') return;","","        walk({","          node: node,","          selector: getPropertyName,","          getExtraSymbols: extraIndentProperty,","          payload: function (info, i) {","            // `node.get(i - 1)` can be either space or comment:","            var whitespaceNode = node.get(i - 1);","            if (!whitespaceNode) return;","            // If it's a comment, insert an empty space node:","            if (!whitespaceNode.is('space')) {","              whitespaceNode = gonzales.createNode({","                type: 'space',","                content: ''","              });","              node.insert(i - 1, whitespaceNode);","            }","            let content = whitespaceNode.content;","            let updatedContent = updateIndent(info, dict, content);","            whitespaceNode.content = updatedContent;","          }","        });","      });","    },","","    /**","     * Detects the value of an option at the tree node.","     *","     * @param {node} ast","     */","    detect: function (ast) {","      let detected = [];","","      ast.traverseByType('block', function (node) {","        var result = {","          true: 0,","          false: 0","        };","","        var maybePrefix = false;","        var prevPrefixLength = false;","        var prevProp;","        var prevSum;","        var partialResult = null;","","        var getResult = function (options) {","          let node = options.node,","              sum = options.sum,","              info = options.info,","              i = options.i;","","          var prop = info.baseName;","","          // If this is the last item in a row and we have a result,","          // then catch it","          if (prop !== prevProp && partialResult !== null) {","            if (partialResult) {","              result.true++;","            } else {","              result.false++;","            }","            partialResult = null;","          }","","          if (prop === prevProp && info.prefixLength !== prevPrefixLength) {","            maybePrefix = true;","          } else {","            maybePrefix = false;","          }","","          if (maybePrefix && partialResult !== false) {","            // If there is prefixed prop, check if the prefixes are","            // aligned, but only if we hadn't already catched","            // that it is false","            if (sum === prevSum) {","              partialResult = true;","            } else {","              partialResult = false;","            }","          }","","          if (node.length === i + 3 && partialResult !== null) {","            // If we're at the last property and have a result,","            // catch it","            if (partialResult) {","              result.true++;","            } else {","              result.false++;","            }","          }","","          prevPrefixLength = info.prefixLength;","          prevProp = prop;","          prevSum = sum;","        };","","        // Gathering Info","        walk({","          node: node,","          selector: getPropertyName,","          getExtraSymbols: extraIndentProperty,","          payload: function (info, i) {","            if (node.get(i - 1) && node.get(i - 1).content) {","              let nodeLength = node.get(i - 1).content.replace(/^[ \\t]*\\n+/, '').length;","              var sum = nodeLength + info.prefixLength;","              getResult({ node: node, sum: sum, info: info, i: i });","            }","          }","        });","","        walk({","          node: node,","          selector: getValName,","          getExtraSymbols: extraIndentVal,","          payload: function (info, i) {","            for (var x = node.get(i).length; x--;) {","              if (node.get(i).get(x).is('value')) break;","            }","","            if (node.get(i).get(x - 1)) {","              let nodeLength = node.get(i).get(x - 1).content.replace(/^[ \\t]*\\n+/, '').length;","              var sum = nodeLength + info.prefixLength;","              getResult({ node: node, sum: sum, info: info, i: i });","            }","          }","        });","","        if (result.true > 0 || result.false > 0) {","          if (result.true >= result.false) {","            detected.push(true);","          } else {","            detected.push(false);","          }","        }","      });","","      return detected;","    }","  };","}();"],"l":{"3":1,"5":1,"7":1,"9":1,"17":1,"18":0,"19":0,"31":1,"32":0,"33":0,"35":0,"36":0,"38":0,"40":0,"41":0,"42":0,"44":0,"45":0,"47":0,"50":0,"64":1,"65":0,"67":0,"68":0,"69":0,"70":0,"72":0,"73":0,"75":0,"76":0,"78":0,"79":0,"80":0,"83":0,"85":0,"86":0,"87":0,"89":0,"90":0,"92":0,"93":0,"96":0,"97":0,"98":0,"103":0,"112":1,"113":0,"114":0,"115":0,"116":0,"118":0,"127":1,"128":0,"129":0,"130":0,"132":0,"133":0,"135":0,"137":0,"138":0,"139":0,"142":0,"144":0,"160":1,"161":0,"162":0,"163":0,"164":0,"166":0,"167":0,"168":0,"181":1,"182":0,"184":0,"198":1,"199":0,"201":0,"202":0,"203":0,"212":1,"213":0,"215":0,"217":0,"218":0,"219":0,"220":0,"222":0,"237":1,"238":0,"239":0,"241":0,"242":0,"243":0,"245":0,"246":0,"248":0,"251":1,"266":0,"267":0,"269":0,"272":0,"277":0,"281":0,"287":0,"291":0,"294":0,"300":0,"301":0,"304":0,"305":0,"306":0,"310":0,"311":0,"314":0,"315":0,"316":0,"320":0,"322":0,"328":0,"329":0,"331":0,"332":0,"336":0,"338":0,"339":0,"340":0,"352":0,"354":0,"355":0,"360":0,"361":0,"362":0,"363":0,"364":0,"366":0,"367":0,"372":0,"376":0,"377":0,"378":0,"380":0,"382":0,"385":0,"386":0,"388":0,"391":0,"395":0,"396":0,"398":0,"402":0,"405":0,"406":0,"408":0,"412":0,"413":0,"414":0,"418":0,"423":0,"424":0,"425":0,"426":0,"431":0,"436":0,"437":0,"440":0,"441":0,"442":0,"443":0,"448":0,"449":0,"450":0,"452":0,"457":0}}}